2020-03-24 13:43:19.221 [main] INFO  org.jeecg.JeecgApplication:50 - Starting JeecgApplication on DESKTOP-9O9R4FS with PID 10212 (F:\git\bs\iov\iov-server\system\target\classes started by zhen in F:\git\bs\iov\iov-server)
2020-03-24 13:43:19.236 [main] INFO  org.jeecg.JeecgApplication:679 - The following profiles are active: dev
2020-03-24 13:43:23.549 [main] INFO  o.s.d.r.config.RepositoryConfigurationDelegate:244 - Multiple Spring Data modules found, entering strict repository configuration mode!
2020-03-24 13:43:23.549 [main] INFO  o.s.d.r.config.RepositoryConfigurationDelegate:126 - Bootstrapping Spring Data repositories in DEFAULT mode.
2020-03-24 13:43:23.705 [main] INFO  o.s.d.r.config.RepositoryConfigurationDelegate:182 - Finished Spring Data repository scanning in 94ms. Found 0 repository interfaces.
2020-03-24 13:43:24.127 [main] INFO  o.s.c.s.PostProcessorRegistrationDelegate$BeanPostProcessorChecker:330 - Bean 'shiroConfig' of type [org.jeecg.config.ShiroConfig$$EnhancerBySpringCGLIB$$94c8f5c5] is not eligible for getting processed by all BeanPostProcessors (for example: not eligible for auto-proxying)
2020-03-24 13:43:24.205 [main] INFO  o.s.c.s.PostProcessorRegistrationDelegate$BeanPostProcessorChecker:330 - Bean 'shiroRealm' of type [org.jeecg.modules.shiro.authc.ShiroRealm] is not eligible for getting processed by all BeanPostProcessors (for example: not eligible for auto-proxying)
2020-03-24 13:43:24.908 [main] INFO  org.jeecg.config.ShiroConfig:195 - ===============(1)创建缓存管理器RedisCacheManager
2020-03-24 13:43:24.924 [main] INFO  org.jeecg.config.ShiroConfig:213 - ===============(2)创建RedisManager,连接Redis..URL= 127.0.0.1:6379
2020-03-24 13:43:24.939 [main] INFO  o.s.c.s.PostProcessorRegistrationDelegate$BeanPostProcessorChecker:330 - Bean 'redisManager' of type [org.crazycake.shiro.RedisManager] is not eligible for getting processed by all BeanPostProcessors (for example: not eligible for auto-proxying)
2020-03-24 13:43:24.939 [main] INFO  o.s.c.s.PostProcessorRegistrationDelegate$BeanPostProcessorChecker:330 - Bean 'securityManager' of type [org.apache.shiro.web.mgt.DefaultWebSecurityManager] is not eligible for getting processed by all BeanPostProcessors (for example: not eligible for auto-proxying)
2020-03-24 13:43:24.970 [main] INFO  o.s.c.s.PostProcessorRegistrationDelegate$BeanPostProcessorChecker:330 - Bean 'authorizationAttributeSourceAdvisor' of type [org.apache.shiro.spring.security.interceptor.AuthorizationAttributeSourceAdvisor] is not eligible for getting processed by all BeanPostProcessors (for example: not eligible for auto-proxying)
2020-03-24 13:43:25.064 [main] INFO  o.s.c.s.PostProcessorRegistrationDelegate$BeanPostProcessorChecker:330 - Bean 'spring.datasource.dynamic-com.baomidou.dynamic.datasource.spring.boot.autoconfigure.DynamicDataSourceProperties' of type [com.baomidou.dynamic.datasource.spring.boot.autoconfigure.DynamicDataSourceProperties] is not eligible for getting processed by all BeanPostProcessors (for example: not eligible for auto-proxying)
2020-03-24 13:43:25.252 [main] INFO  o.s.c.s.PostProcessorRegistrationDelegate$BeanPostProcessorChecker:330 - Bean 'com.baomidou.dynamic.datasource.spring.boot.autoconfigure.DynamicDataSourceAutoConfiguration' of type [com.baomidou.dynamic.datasource.spring.boot.autoconfigure.DynamicDataSourceAutoConfiguration$$EnhancerBySpringCGLIB$$de51fd00] is not eligible for getting processed by all BeanPostProcessors (for example: not eligible for auto-proxying)
2020-03-24 13:43:25.298 [main] INFO  o.s.c.s.PostProcessorRegistrationDelegate$BeanPostProcessorChecker:330 - Bean 'dsProcessor' of type [com.baomidou.dynamic.datasource.processor.DsHeaderProcessor] is not eligible for getting processed by all BeanPostProcessors (for example: not eligible for auto-proxying)
2020-03-24 13:43:25.330 [main] INFO  o.s.c.s.PostProcessorRegistrationDelegate$BeanPostProcessorChecker:330 - Bean 'dynamicDatasourceAnnotationAdvisor' of type [com.baomidou.dynamic.datasource.aop.DynamicDataSourceAnnotationAdvisor] is not eligible for getting processed by all BeanPostProcessors (for example: not eligible for auto-proxying)
2020-03-24 13:43:25.361 [main] INFO  o.s.c.s.PostProcessorRegistrationDelegate$BeanPostProcessorChecker:330 - Bean 'org.springframework.transaction.annotation.ProxyTransactionManagementConfiguration' of type [org.springframework.transaction.annotation.ProxyTransactionManagementConfiguration$$EnhancerBySpringCGLIB$$74c38c2f] is not eligible for getting processed by all BeanPostProcessors (for example: not eligible for auto-proxying)
2020-03-24 13:43:25.408 [main] INFO  o.s.c.s.PostProcessorRegistrationDelegate$BeanPostProcessorChecker:330 - Bean 'spring.redis-org.springframework.boot.autoconfigure.data.redis.RedisProperties' of type [org.springframework.boot.autoconfigure.data.redis.RedisProperties] is not eligible for getting processed by all BeanPostProcessors (for example: not eligible for auto-proxying)
2020-03-24 13:43:25.423 [main] INFO  o.s.c.s.PostProcessorRegistrationDelegate$BeanPostProcessorChecker:330 - Bean 'org.springframework.boot.autoconfigure.data.redis.LettuceConnectionConfiguration' of type [org.springframework.boot.autoconfigure.data.redis.LettuceConnectionConfiguration$$EnhancerBySpringCGLIB$$89dd4a79] is not eligible for getting processed by all BeanPostProcessors (for example: not eligible for auto-proxying)
2020-03-24 13:43:25.658 [main] INFO  o.s.c.s.PostProcessorRegistrationDelegate$BeanPostProcessorChecker:330 - Bean 'lettuceClientResources' of type [io.lettuce.core.resource.DefaultClientResources] is not eligible for getting processed by all BeanPostProcessors (for example: not eligible for auto-proxying)
2020-03-24 13:43:25.752 [main] INFO  o.s.c.s.PostProcessorRegistrationDelegate$BeanPostProcessorChecker:330 - Bean 'redisConnectionFactory' of type [org.springframework.data.redis.connection.lettuce.LettuceConnectionFactory] is not eligible for getting processed by all BeanPostProcessors (for example: not eligible for auto-proxying)
2020-03-24 13:43:25.767 [main] INFO  o.s.c.s.PostProcessorRegistrationDelegate$BeanPostProcessorChecker:330 - Bean 'redisConfig' of type [org.jeecg.config.RedisConfig$$EnhancerBySpringCGLIB$$df977d0f] is not eligible for getting processed by all BeanPostProcessors (for example: not eligible for auto-proxying)
2020-03-24 13:43:25.798 [main] INFO  o.s.c.s.PostProcessorRegistrationDelegate$BeanPostProcessorChecker:330 - Bean 'org.apache.shiro.spring.boot.autoconfigure.ShiroBeanAutoConfiguration' of type [org.apache.shiro.spring.boot.autoconfigure.ShiroBeanAutoConfiguration$$EnhancerBySpringCGLIB$$87dc69df] is not eligible for getting processed by all BeanPostProcessors (for example: not eligible for auto-proxying)
2020-03-24 13:43:25.814 [main] INFO  o.s.c.s.PostProcessorRegistrationDelegate$BeanPostProcessorChecker:330 - Bean 'eventBus' of type [org.apache.shiro.event.support.DefaultEventBus] is not eligible for getting processed by all BeanPostProcessors (for example: not eligible for auto-proxying)
2020-03-24 13:43:26.377 [main] INFO  o.s.boot.web.embedded.tomcat.TomcatWebServer:90 - Tomcat initialized with port(s): 8080 (http)
2020-03-24 13:43:26.392 [main] INFO  org.apache.coyote.http11.Http11NioProtocol:173 - Initializing ProtocolHandler ["http-nio-8080"]
2020-03-24 13:43:26.408 [main] INFO  org.apache.catalina.core.StandardService:173 - Starting service [Tomcat]
2020-03-24 13:43:26.408 [main] INFO  org.apache.catalina.core.StandardEngine:173 - Starting Servlet engine: [Apache Tomcat/9.0.16]
2020-03-24 13:43:26.423 [main] INFO  org.apache.catalina.core.AprLifecycleListener:173 - The APR based Apache Tomcat Native library which allows optimal performance in production environments was not found on the java.library.path: [E:\Program Files\Java\jdk1.8.0_212\bin;C:\Windows\Sun\Java\bin;C:\Windows\system32;C:\Windows;E:\Program Files (x86)\NetSarang\Xshell 6\;C:\Program Files (x86)\Common Files\Oracle\Java\javapath;C:\Windows\system32;C:\Windows;C:\Windows\System32\Wbem;C:\Windows\System32\WindowsPowerShell\v1.0\;C:\Windows\System32\OpenSSH\;E:\Program Files\Java\jdk1.8.0_212\bin;E:\Program Files\Java\jdk1.8.0_212\jre\bin;e:\Program Files\Git\cmd;E:\Program Files\mysql-5.7.26-winx64\bin;C:\Program Files (x86)\NVIDIA Corporation\PhysX\Common;C:\Program Files\NVIDIA Corporation\NVIDIA NvDLISR;E:\nvm;e:\Program Files\nodejs;C:\Program Files\TortoiseSVN\bin;C:\Users\zhen\AppData\Local\Microsoft\WindowsApps;E:\nvm;e:\Program Files\nodejs;.]
2020-03-24 13:43:26.595 [main] INFO  o.a.c.c.ContainerBase.[Tomcat].[localhost].[/iov]:173 - Initializing Spring embedded WebApplicationContext
2020-03-24 13:43:26.611 [main] INFO  org.springframework.web.context.ContextLoader:296 - Root WebApplicationContext: initialization completed in 7312 ms
2020-03-24 13:43:27.064 [main] INFO  c.b.dynamic.datasource.DynamicDataSourceCreator:113 - 动态数据源-检测到druid存在,如配置中未指定type,druid会默认配置
2020-03-24 13:43:27.720 [main] INFO  com.alibaba.druid.pool.DruidDataSource:1003 - {dataSource-1,master} inited
2020-03-24 13:43:27.720 [main] INFO  c.b.dynamic.datasource.DynamicRoutingDataSource:203 - 初始共加载 1 个数据源
2020-03-24 13:43:27.720 [main] INFO  c.b.dynamic.datasource.DynamicRoutingDataSource:142 - 动态数据源-加载 master 成功
2020-03-24 13:43:27.720 [main] INFO  c.b.dynamic.datasource.DynamicRoutingDataSource:212 - 当前的默认数据源是单数据源，数据源名为 master
2020-03-24 13:43:32.579 [main] INFO  org.quartz.impl.StdSchedulerFactory:1208 - Using default implementation for ThreadExecutor
2020-03-24 13:43:32.595 [main] INFO  org.quartz.core.SchedulerSignalerImpl:61 - Initialized Scheduler Signaller of type: class org.quartz.core.SchedulerSignalerImpl
2020-03-24 13:43:32.595 [main] INFO  org.quartz.core.QuartzScheduler:229 - Quartz Scheduler v.2.3.0 created.
2020-03-24 13:43:32.595 [main] INFO  o.s.scheduling.quartz.LocalDataSourceJobStore:672 - Using db table-based data access locking (synchronization).
2020-03-24 13:43:32.595 [main] INFO  o.s.scheduling.quartz.LocalDataSourceJobStore:145 - JobStoreCMT initialized.
2020-03-24 13:43:32.610 [main] INFO  org.quartz.core.QuartzScheduler:294 - Scheduler meta-data: Quartz Scheduler (v2.3.0) 'quartzScheduler' with instanceId 'NON_CLUSTERED'
  Scheduler class: 'org.quartz.core.QuartzScheduler' - running locally.
  NOT STARTED.
  Currently in standby mode.
  Number of jobs executed: 0
  Using thread pool 'org.quartz.simpl.SimpleThreadPool' - with 10 threads.
  Using job-store 'org.springframework.scheduling.quartz.LocalDataSourceJobStore' - which supports persistence. and is not clustered.

2020-03-24 13:43:32.610 [main] INFO  org.quartz.impl.StdSchedulerFactory:1362 - Quartz scheduler 'quartzScheduler' initialized from an externally provided properties instance.
2020-03-24 13:43:32.610 [main] INFO  org.quartz.impl.StdSchedulerFactory:1366 - Quartz scheduler version: 2.3.0
2020-03-24 13:43:32.610 [main] INFO  org.quartz.core.QuartzScheduler:2287 - JobFactory set to: org.springframework.scheduling.quartz.SpringBeanJobFactory@4f2b1e9f
2020-03-24 13:43:35.881 [main] WARN  org.jeecg.common.es.JeecgElasticsearchTemplate:61 - ElasticSearch 服务连接失败，原因：配置未通过。可能是BaseURL未配置或配置有误，也可能是Elasticsearch服务未启动。接下来将会拒绝执行任何方法！
2020-03-24 13:43:37.813 [main] INFO  o.s.b.actuate.endpoint.web.EndpointLinksResolver:59 - Exposing 2 endpoint(s) beneath base path '/actuator'
2020-03-24 13:43:38.094 [main] INFO  s.d.s.w.PropertySourcedRequestMappingHandlerMapping:69 - Mapped URL path [/v2/api-docs] onto method [public org.springframework.http.ResponseEntity<springfox.documentation.spring.web.json.Json> springfox.documentation.swagger2.web.Swagger2Controller.getDocumentation(java.lang.String,javax.servlet.http.HttpServletRequest)]
2020-03-24 13:43:38.626 [main] INFO  o.s.scheduling.concurrent.ThreadPoolTaskExecutor:171 - Initializing ExecutorService 'applicationTaskExecutor'
2020-03-24 13:43:40.500 [main] INFO  s.d.s.web.plugins.DocumentationPluginsBootstrapper:160 - Context refreshed
2020-03-24 13:43:40.516 [main] INFO  s.d.s.web.plugins.DocumentationPluginsBootstrapper:163 - Found 1 custom documentation plugin(s)
2020-03-24 13:43:40.579 [main] INFO  s.d.spring.web.scanners.ApiListingReferenceScanner:41 - Scanning for api listing references
2020-03-24 13:43:40.797 [main] INFO  s.d.s.w.r.operation.CachingOperationNameGenerator:40 - Generating unique operation named: addUsingPOST_1
2020-03-24 13:43:40.797 [main] INFO  s.d.s.w.r.operation.CachingOperationNameGenerator:40 - Generating unique operation named: deleteUsingDELETE_1
2020-03-24 13:43:40.797 [main] INFO  s.d.s.w.r.operation.CachingOperationNameGenerator:40 - Generating unique operation named: deleteBatchUsingDELETE_1
2020-03-24 13:43:40.813 [main] INFO  s.d.s.w.r.operation.CachingOperationNameGenerator:40 - Generating unique operation named: editUsingPUT_1
2020-03-24 13:43:40.813 [main] INFO  s.d.s.w.r.operation.CachingOperationNameGenerator:40 - Generating unique operation named: queryByIdUsingGET_1
2020-03-24 13:43:40.829 [main] INFO  s.d.s.w.r.operation.CachingOperationNameGenerator:40 - Generating unique operation named: addUsingPOST_2
2020-03-24 13:43:40.829 [main] INFO  s.d.s.w.r.operation.CachingOperationNameGenerator:40 - Generating unique operation named: deleteUsingDELETE_2
2020-03-24 13:43:40.829 [main] INFO  s.d.s.w.r.operation.CachingOperationNameGenerator:40 - Generating unique operation named: deleteBatchUsingDELETE_2
2020-03-24 13:43:40.829 [main] INFO  s.d.s.w.r.operation.CachingOperationNameGenerator:40 - Generating unique operation named: editUsingPUT_2
2020-03-24 13:43:40.844 [main] INFO  s.d.s.w.r.operation.CachingOperationNameGenerator:40 - Generating unique operation named: queryByIdUsingGET_2
2020-03-24 13:43:40.844 [main] INFO  s.d.s.w.r.operation.CachingOperationNameGenerator:40 - Generating unique operation named: queryPageListUsingGET_1
2020-03-24 13:43:40.860 [main] INFO  o.s.scheduling.quartz.SchedulerFactoryBean:726 - Starting Quartz Scheduler now
2020-03-24 13:43:41.500 [main] INFO  o.s.scheduling.quartz.LocalDataSourceJobStore:866 - Freed 0 triggers from 'acquired' / 'blocked' state.
2020-03-24 13:43:41.532 [main] INFO  o.s.scheduling.quartz.LocalDataSourceJobStore:876 - Recovering 0 jobs that were in-progress at the time of the last shut-down.
2020-03-24 13:43:41.532 [main] INFO  o.s.scheduling.quartz.LocalDataSourceJobStore:889 - Recovery complete.
2020-03-24 13:43:41.532 [main] INFO  o.s.scheduling.quartz.LocalDataSourceJobStore:896 - Removed 0 'complete' triggers.
2020-03-24 13:43:41.547 [main] INFO  o.s.scheduling.quartz.LocalDataSourceJobStore:901 - Removed 0 stale fired job entries.
2020-03-24 13:43:41.547 [main] INFO  org.quartz.core.QuartzScheduler:547 - Scheduler quartzScheduler_$_NON_CLUSTERED started.
2020-03-24 13:43:41.563 [main] INFO  org.apache.coyote.http11.Http11NioProtocol:173 - Starting ProtocolHandler ["http-nio-8080"]
2020-03-24 13:43:41.594 [main] INFO  o.s.boot.web.embedded.tomcat.TomcatWebServer:204 - Tomcat started on port(s): 8080 (http) with context path '/iov'
2020-03-24 13:43:41.594 [main] INFO  org.jeecg.JeecgApplication:59 - Started JeecgApplication in 23.795 seconds (JVM running for 28.125)
2020-03-24 13:43:42.453 [main] INFO  org.jeecg.JeecgApplication:35 - 
----------------------------------------------------------
	Application Jeecg-Boot is running! Access URLs:
	Local: 		http://localhost:8080/iov/
	External: 	http://192.168.1.4:8080/iov/
	swagger-ui: 		http://192.168.1.4:8080/iov/doc.html
----------------------------------------------------------
2020-03-24 13:43:43.157 [RMI TCP Connection(1)-192.168.1.4] INFO  io.lettuce.core.EpollProvider:68 - Starting without optional epoll library
2020-03-24 13:43:43.157 [RMI TCP Connection(1)-192.168.1.4] INFO  io.lettuce.core.KqueueProvider:70 - Starting without optional kqueue library
2020-03-24 13:43:43.719 [RMI TCP Connection(3)-192.168.1.4] INFO  o.a.c.c.ContainerBase.[Tomcat].[localhost].[/iov]:173 - Initializing Spring DispatcherServlet 'dispatcherServlet'
2020-03-24 13:43:43.719 [RMI TCP Connection(3)-192.168.1.4] INFO  org.springframework.web.servlet.DispatcherServlet:524 - Initializing Servlet 'dispatcherServlet'
2020-03-24 13:43:43.750 [RMI TCP Connection(3)-192.168.1.4] INFO  org.springframework.web.servlet.DispatcherServlet:546 - Completed initialization in 31 ms
2020-03-24 13:46:19.923 [http-nio-8080-exec-3] INFO  org.jeecg.modules.shiro.authc.ShiroRealm:118 - ———校验token是否有效————checkUserTokenIsEffect——————— eyJ0eXAiOiJKV1QiLCJhbGciOiJIUzI1NiJ9.eyJleHAiOjE1ODUwMzA1NzgsInVzZXJuYW1lIjoiYWRtaW4ifQ.wcUN_ggdwn6ckAAxrX9DfsDbHAlOUHXurUATq5gFsqg
2020-03-24 13:46:20.032 [http-nio-8080-exec-3] INFO  o.j.m.system.controller.SysPermissionController:182 -  ------ 通过令牌获取用户拥有的访问菜单 ---- TOKEN ------ eyJ0eXAiOiJKV1QiLCJhbGciOiJIUzI1NiJ9.eyJleHAiOjE1ODUwMzA1NzgsInVzZXJuYW1lIjoiYWRtaW4ifQ.wcUN_ggdwn6ckAAxrX9DfsDbHAlOUHXurUATq5gFsqg
2020-03-24 13:46:21.503 [http-nio-8080-exec-4] INFO  org.jeecg.modules.message.websocket.WebSocket:41 - 【websocket消息】有新的连接，总数为:1
2020-03-24 13:46:21.556 [http-nio-8080-exec-5] ERROR o.jeecg.common.system.controller.CommonController:119 - 预览图片失败D:\upFiles\user\20190119\logo-2_1547868176839.png (系统找不到指定的路径。)
2020-03-24 13:46:21.930 [http-nio-8080-exec-7] INFO  org.jeecg.modules.shiro.authc.ShiroRealm:118 - ———校验token是否有效————checkUserTokenIsEffect——————— eyJ0eXAiOiJKV1QiLCJhbGciOiJIUzI1NiJ9.eyJleHAiOjE1ODUwMzA1NzgsInVzZXJuYW1lIjoiYWRtaW4ifQ.wcUN_ggdwn6ckAAxrX9DfsDbHAlOUHXurUATq5gFsqg
2020-03-24 13:46:21.930 [http-nio-8080-exec-6] INFO  org.jeecg.modules.shiro.authc.ShiroRealm:118 - ———校验token是否有效————checkUserTokenIsEffect——————— eyJ0eXAiOiJKV1QiLCJhbGciOiJIUzI1NiJ9.eyJleHAiOjE1ODUwMzA1NzgsInVzZXJuYW1lIjoiYWRtaW4ifQ.wcUN_ggdwn6ckAAxrX9DfsDbHAlOUHXurUATq5gFsqg
2020-03-24 13:46:21.945 [http-nio-8080-exec-8] INFO  org.jeecg.modules.shiro.authc.ShiroRealm:118 - ———校验token是否有效————checkUserTokenIsEffect——————— eyJ0eXAiOiJKV1QiLCJhbGciOiJIUzI1NiJ9.eyJleHAiOjE1ODUwMzA1NzgsInVzZXJuYW1lIjoiYWRtaW4ifQ.wcUN_ggdwn6ckAAxrX9DfsDbHAlOUHXurUATq5gFsqg
2020-03-24 13:46:40.445 [http-nio-8080-exec-10] INFO  org.jeecg.modules.shiro.authc.ShiroRealm:118 - ———校验token是否有效————checkUserTokenIsEffect——————— eyJ0eXAiOiJKV1QiLCJhbGciOiJIUzI1NiJ9.eyJleHAiOjE1ODUwMzA1NzgsInVzZXJuYW1lIjoiYWRtaW4ifQ.wcUN_ggdwn6ckAAxrX9DfsDbHAlOUHXurUATq5gFsqg
2020-03-24 13:46:46.800 [http-nio-8080-exec-3] INFO  org.jeecg.modules.shiro.authc.ShiroRealm:118 - ———校验token是否有效————checkUserTokenIsEffect——————— eyJ0eXAiOiJKV1QiLCJhbGciOiJIUzI1NiJ9.eyJleHAiOjE1ODUwMzA1NzgsInVzZXJuYW1lIjoiYWRtaW4ifQ.wcUN_ggdwn6ckAAxrX9DfsDbHAlOUHXurUATq5gFsqg
2020-03-24 13:46:47.933 [http-nio-8080-exec-4] INFO  org.jeecg.modules.shiro.authc.ShiroRealm:118 - ———校验token是否有效————checkUserTokenIsEffect——————— eyJ0eXAiOiJKV1QiLCJhbGciOiJIUzI1NiJ9.eyJleHAiOjE1ODUwMzA1NzgsInVzZXJuYW1lIjoiYWRtaW4ifQ.wcUN_ggdwn6ckAAxrX9DfsDbHAlOUHXurUATq5gFsqg
2020-03-24 13:46:54.127 [http-nio-8080-exec-5] INFO  org.jeecg.modules.shiro.authc.ShiroRealm:118 - ———校验token是否有效————checkUserTokenIsEffect——————— eyJ0eXAiOiJKV1QiLCJhbGciOiJIUzI1NiJ9.eyJleHAiOjE1ODUwMzA1NzgsInVzZXJuYW1lIjoiYWRtaW4ifQ.wcUN_ggdwn6ckAAxrX9DfsDbHAlOUHXurUATq5gFsqg
2020-03-24 13:46:54.287 [http-nio-8080-exec-5] INFO  org.jeecg.common.system.query.QueryGenerator:404 - --查询规则-->create_by = admin
2020-03-24 13:47:11.154 [http-nio-8080-exec-8] INFO  org.jeecg.modules.shiro.authc.ShiroRealm:118 - ———校验token是否有效————checkUserTokenIsEffect——————— eyJ0eXAiOiJKV1QiLCJhbGciOiJIUzI1NiJ9.eyJleHAiOjE1ODUwMzA1NzgsInVzZXJuYW1lIjoiYWRtaW4ifQ.wcUN_ggdwn6ckAAxrX9DfsDbHAlOUHXurUATq5gFsqg
2020-03-24 13:47:14.381 [http-nio-8080-exec-9] INFO  org.jeecg.modules.shiro.authc.ShiroRealm:118 - ———校验token是否有效————checkUserTokenIsEffect——————— eyJ0eXAiOiJKV1QiLCJhbGciOiJIUzI1NiJ9.eyJleHAiOjE1ODUwMzA1NzgsInVzZXJuYW1lIjoiYWRtaW4ifQ.wcUN_ggdwn6ckAAxrX9DfsDbHAlOUHXurUATq5gFsqg
2020-03-24 13:47:52.900 [http-nio-8080-exec-4] INFO  org.jeecg.modules.shiro.authc.ShiroRealm:118 - ———校验token是否有效————checkUserTokenIsEffect——————— eyJ0eXAiOiJKV1QiLCJhbGciOiJIUzI1NiJ9.eyJleHAiOjE1ODUwMzA1NzgsInVzZXJuYW1lIjoiYWRtaW4ifQ.wcUN_ggdwn6ckAAxrX9DfsDbHAlOUHXurUATq5gFsqg
2020-03-24 13:49:12.593 [http-nio-8080-exec-1] INFO  org.jeecg.modules.shiro.authc.ShiroRealm:118 - ———校验token是否有效————checkUserTokenIsEffect——————— eyJ0eXAiOiJKV1QiLCJhbGciOiJIUzI1NiJ9.eyJleHAiOjE1ODUwMzA1NzgsInVzZXJuYW1lIjoiYWRtaW4ifQ.wcUN_ggdwn6ckAAxrX9DfsDbHAlOUHXurUATq5gFsqg
2020-03-24 13:49:14.337 [http-nio-8080-exec-4] INFO  org.jeecg.modules.shiro.authc.ShiroRealm:118 - ———校验token是否有效————checkUserTokenIsEffect——————— eyJ0eXAiOiJKV1QiLCJhbGciOiJIUzI1NiJ9.eyJleHAiOjE1ODUwMzA1NzgsInVzZXJuYW1lIjoiYWRtaW4ifQ.wcUN_ggdwn6ckAAxrX9DfsDbHAlOUHXurUATq5gFsqg
2020-03-24 13:49:18.039 [http-nio-8080-exec-7] INFO  org.jeecg.modules.shiro.authc.ShiroRealm:118 - ———校验token是否有效————checkUserTokenIsEffect——————— eyJ0eXAiOiJKV1QiLCJhbGciOiJIUzI1NiJ9.eyJleHAiOjE1ODUwMzA1NzgsInVzZXJuYW1lIjoiYWRtaW4ifQ.wcUN_ggdwn6ckAAxrX9DfsDbHAlOUHXurUATq5gFsqg
2020-03-24 13:49:18.061 [http-nio-8080-exec-7] INFO  org.jeecg.common.system.query.QueryGenerator:404 - --查询规则-->car_log_id = 1233378162719997953
2020-03-24 13:49:20.909 [http-nio-8080-exec-5] INFO  org.jeecg.modules.shiro.authc.ShiroRealm:118 - ———校验token是否有效————checkUserTokenIsEffect——————— eyJ0eXAiOiJKV1QiLCJhbGciOiJIUzI1NiJ9.eyJleHAiOjE1ODUwMzA1NzgsInVzZXJuYW1lIjoiYWRtaW4ifQ.wcUN_ggdwn6ckAAxrX9DfsDbHAlOUHXurUATq5gFsqg
2020-03-24 13:49:20.921 [http-nio-8080-exec-5] INFO  org.jeecg.common.system.query.QueryGenerator:404 - --查询规则-->car_log_id = 1233378054947356674
2020-03-24 13:49:24.227 [http-nio-8080-exec-2] INFO  org.jeecg.modules.shiro.authc.ShiroRealm:118 - ———校验token是否有效————checkUserTokenIsEffect——————— eyJ0eXAiOiJKV1QiLCJhbGciOiJIUzI1NiJ9.eyJleHAiOjE1ODUwMzA1NzgsInVzZXJuYW1lIjoiYWRtaW4ifQ.wcUN_ggdwn6ckAAxrX9DfsDbHAlOUHXurUATq5gFsqg
2020-03-24 13:49:24.259 [http-nio-8080-exec-2] INFO  org.jeecg.common.system.query.QueryGenerator:404 - --查询规则-->car_log_id = 1233378162719997953
2020-03-24 13:49:33.696 [http-nio-8080-exec-9] INFO  org.jeecg.modules.shiro.authc.ShiroRealm:118 - ———校验token是否有效————checkUserTokenIsEffect——————— eyJ0eXAiOiJKV1QiLCJhbGciOiJIUzI1NiJ9.eyJleHAiOjE1ODUwMzA1NzgsInVzZXJuYW1lIjoiYWRtaW4ifQ.wcUN_ggdwn6ckAAxrX9DfsDbHAlOUHXurUATq5gFsqg
2020-03-24 13:49:33.706 [http-nio-8080-exec-9] INFO  org.jeecg.common.system.query.QueryGenerator:404 - --查询规则-->car_log_id = 1233378054947356674
2020-03-24 13:49:36.886 [http-nio-8080-exec-3] INFO  org.jeecg.modules.shiro.authc.ShiroRealm:118 - ———校验token是否有效————checkUserTokenIsEffect——————— eyJ0eXAiOiJKV1QiLCJhbGciOiJIUzI1NiJ9.eyJleHAiOjE1ODUwMzA1NzgsInVzZXJuYW1lIjoiYWRtaW4ifQ.wcUN_ggdwn6ckAAxrX9DfsDbHAlOUHXurUATq5gFsqg
2020-03-24 13:49:36.899 [http-nio-8080-exec-3] INFO  org.jeecg.common.system.query.QueryGenerator:404 - --查询规则-->car_log_id = 1233377151339085825
2020-03-24 13:49:50.007 [http-nio-8080-exec-4] INFO  org.jeecg.modules.shiro.authc.ShiroRealm:118 - ———校验token是否有效————checkUserTokenIsEffect——————— eyJ0eXAiOiJKV1QiLCJhbGciOiJIUzI1NiJ9.eyJleHAiOjE1ODUwMzA1NzgsInVzZXJuYW1lIjoiYWRtaW4ifQ.wcUN_ggdwn6ckAAxrX9DfsDbHAlOUHXurUATq5gFsqg
2020-03-24 13:50:10.893 [http-nio-8080-exec-6] INFO  org.jeecg.modules.shiro.authc.ShiroRealm:118 - ———校验token是否有效————checkUserTokenIsEffect——————— eyJ0eXAiOiJKV1QiLCJhbGciOiJIUzI1NiJ9.eyJleHAiOjE1ODUwMzA1NzgsInVzZXJuYW1lIjoiYWRtaW4ifQ.wcUN_ggdwn6ckAAxrX9DfsDbHAlOUHXurUATq5gFsqg
2020-03-24 13:50:45.254 [http-nio-8080-exec-1] INFO  org.jeecg.modules.shiro.authc.ShiroRealm:118 - ———校验token是否有效————checkUserTokenIsEffect——————— eyJ0eXAiOiJKV1QiLCJhbGciOiJIUzI1NiJ9.eyJleHAiOjE1ODUwMzA1NzgsInVzZXJuYW1lIjoiYWRtaW4ifQ.wcUN_ggdwn6ckAAxrX9DfsDbHAlOUHXurUATq5gFsqg
2020-03-24 13:50:56.396 [http-nio-8080-exec-10] INFO  org.jeecg.modules.shiro.authc.ShiroRealm:118 - ———校验token是否有效————checkUserTokenIsEffect——————— eyJ0eXAiOiJKV1QiLCJhbGciOiJIUzI1NiJ9.eyJleHAiOjE1ODUwMzA1NzgsInVzZXJuYW1lIjoiYWRtaW4ifQ.wcUN_ggdwn6ckAAxrX9DfsDbHAlOUHXurUATq5gFsqg
2020-03-24 13:50:56.410 [http-nio-8080-exec-10] INFO  org.jeecg.common.system.query.QueryGenerator:404 - --查询规则-->car_log_id = 1233377151339085825
2020-03-24 13:51:37.487 [http-nio-8080-exec-2] INFO  org.jeecg.modules.shiro.authc.ShiroRealm:118 - ———校验token是否有效————checkUserTokenIsEffect——————— eyJ0eXAiOiJKV1QiLCJhbGciOiJIUzI1NiJ9.eyJleHAiOjE1ODUwMzA1NzgsInVzZXJuYW1lIjoiYWRtaW4ifQ.wcUN_ggdwn6ckAAxrX9DfsDbHAlOUHXurUATq5gFsqg
2020-03-24 13:51:38.373 [http-nio-8080-exec-8] INFO  org.jeecg.modules.shiro.authc.ShiroRealm:118 - ———校验token是否有效————checkUserTokenIsEffect——————— eyJ0eXAiOiJKV1QiLCJhbGciOiJIUzI1NiJ9.eyJleHAiOjE1ODUwMzA1NzgsInVzZXJuYW1lIjoiYWRtaW4ifQ.wcUN_ggdwn6ckAAxrX9DfsDbHAlOUHXurUATq5gFsqg
2020-03-24 13:51:39.961 [http-nio-8080-exec-3] INFO  org.jeecg.modules.shiro.authc.ShiroRealm:118 - ———校验token是否有效————checkUserTokenIsEffect——————— eyJ0eXAiOiJKV1QiLCJhbGciOiJIUzI1NiJ9.eyJleHAiOjE1ODUwMzA1NzgsInVzZXJuYW1lIjoiYWRtaW4ifQ.wcUN_ggdwn6ckAAxrX9DfsDbHAlOUHXurUATq5gFsqg
2020-03-24 13:51:40.005 [http-nio-8080-exec-3] INFO  org.jeecg.common.system.query.QueryGenerator:404 - --查询规则-->create_by = admin
2020-03-24 13:51:40.698 [http-nio-8080-exec-9] INFO  org.jeecg.modules.shiro.authc.ShiroRealm:118 - ———校验token是否有效————checkUserTokenIsEffect——————— eyJ0eXAiOiJKV1QiLCJhbGciOiJIUzI1NiJ9.eyJleHAiOjE1ODUwMzA1NzgsInVzZXJuYW1lIjoiYWRtaW4ifQ.wcUN_ggdwn6ckAAxrX9DfsDbHAlOUHXurUATq5gFsqg
2020-03-24 13:51:41.959 [http-nio-8080-exec-5] INFO  org.jeecg.modules.shiro.authc.ShiroRealm:118 - ———校验token是否有效————checkUserTokenIsEffect——————— eyJ0eXAiOiJKV1QiLCJhbGciOiJIUzI1NiJ9.eyJleHAiOjE1ODUwMzA1NzgsInVzZXJuYW1lIjoiYWRtaW4ifQ.wcUN_ggdwn6ckAAxrX9DfsDbHAlOUHXurUATq5gFsqg
2020-03-24 13:53:22.573 [http-nio-8080-exec-1] INFO  org.jeecg.modules.shiro.authc.ShiroRealm:118 - ———校验token是否有效————checkUserTokenIsEffect——————— eyJ0eXAiOiJKV1QiLCJhbGciOiJIUzI1NiJ9.eyJleHAiOjE1ODUwMzA1NzgsInVzZXJuYW1lIjoiYWRtaW4ifQ.wcUN_ggdwn6ckAAxrX9DfsDbHAlOUHXurUATq5gFsqg
2020-03-24 13:53:24.726 [http-nio-8080-exec-4] INFO  org.jeecg.modules.shiro.authc.ShiroRealm:118 - ———校验token是否有效————checkUserTokenIsEffect——————— eyJ0eXAiOiJKV1QiLCJhbGciOiJIUzI1NiJ9.eyJleHAiOjE1ODUwMzA1NzgsInVzZXJuYW1lIjoiYWRtaW4ifQ.wcUN_ggdwn6ckAAxrX9DfsDbHAlOUHXurUATq5gFsqg
2020-03-24 13:53:24.738 [http-nio-8080-exec-4] INFO  org.jeecg.common.system.query.QueryGenerator:404 - --查询规则-->car_log_id = 1233377151339085825
2020-03-24 13:55:47.179 [http-nio-8080-exec-9] INFO  org.jeecg.modules.shiro.authc.ShiroRealm:118 - ———校验token是否有效————checkUserTokenIsEffect——————— eyJ0eXAiOiJKV1QiLCJhbGciOiJIUzI1NiJ9.eyJleHAiOjE1ODUwMzA1NzgsInVzZXJuYW1lIjoiYWRtaW4ifQ.wcUN_ggdwn6ckAAxrX9DfsDbHAlOUHXurUATq5gFsqg
2020-03-24 13:56:54.541 [http-nio-8080-exec-2] INFO  org.jeecg.modules.shiro.authc.ShiroRealm:118 - ———校验token是否有效————checkUserTokenIsEffect——————— eyJ0eXAiOiJKV1QiLCJhbGciOiJIUzI1NiJ9.eyJleHAiOjE1ODUwMzA1NzgsInVzZXJuYW1lIjoiYWRtaW4ifQ.wcUN_ggdwn6ckAAxrX9DfsDbHAlOUHXurUATq5gFsqg
2020-03-24 13:56:54.553 [http-nio-8080-exec-2] INFO  org.jeecg.common.system.query.QueryGenerator:404 - --查询规则-->car_log_id = 1233377151339085825
2020-03-24 13:56:56.489 [http-nio-8080-exec-8] INFO  org.jeecg.modules.shiro.authc.ShiroRealm:118 - ———校验token是否有效————checkUserTokenIsEffect——————— eyJ0eXAiOiJKV1QiLCJhbGciOiJIUzI1NiJ9.eyJleHAiOjE1ODUwMzA1NzgsInVzZXJuYW1lIjoiYWRtaW4ifQ.wcUN_ggdwn6ckAAxrX9DfsDbHAlOUHXurUATq5gFsqg
2020-03-24 13:56:56.496 [http-nio-8080-exec-8] INFO  org.jeecg.common.system.query.QueryGenerator:404 - --查询规则-->car_log_id = 1233377151339085825
2020-03-24 13:57:05.196 [http-nio-8080-exec-10] INFO  org.jeecg.modules.shiro.authc.ShiroRealm:118 - ———校验token是否有效————checkUserTokenIsEffect——————— eyJ0eXAiOiJKV1QiLCJhbGciOiJIUzI1NiJ9.eyJleHAiOjE1ODUwMzA1NzgsInVzZXJuYW1lIjoiYWRtaW4ifQ.wcUN_ggdwn6ckAAxrX9DfsDbHAlOUHXurUATq5gFsqg
2020-03-24 13:57:05.209 [http-nio-8080-exec-10] INFO  org.jeecg.common.system.query.QueryGenerator:404 - --查询规则-->car_log_id = 1233377673785786370
2020-03-24 13:57:08.357 [http-nio-8080-exec-1] INFO  org.jeecg.modules.shiro.authc.ShiroRealm:118 - ———校验token是否有效————checkUserTokenIsEffect——————— eyJ0eXAiOiJKV1QiLCJhbGciOiJIUzI1NiJ9.eyJleHAiOjE1ODUwMzA1NzgsInVzZXJuYW1lIjoiYWRtaW4ifQ.wcUN_ggdwn6ckAAxrX9DfsDbHAlOUHXurUATq5gFsqg
2020-03-24 13:57:10.231 [http-nio-8080-exec-4] INFO  org.jeecg.modules.shiro.authc.ShiroRealm:118 - ———校验token是否有效————checkUserTokenIsEffect——————— eyJ0eXAiOiJKV1QiLCJhbGciOiJIUzI1NiJ9.eyJleHAiOjE1ODUwMzA1NzgsInVzZXJuYW1lIjoiYWRtaW4ifQ.wcUN_ggdwn6ckAAxrX9DfsDbHAlOUHXurUATq5gFsqg
2020-03-24 13:57:11.064 [http-nio-8080-exec-6] INFO  org.jeecg.modules.shiro.authc.ShiroRealm:118 - ———校验token是否有效————checkUserTokenIsEffect——————— eyJ0eXAiOiJKV1QiLCJhbGciOiJIUzI1NiJ9.eyJleHAiOjE1ODUwMzA1NzgsInVzZXJuYW1lIjoiYWRtaW4ifQ.wcUN_ggdwn6ckAAxrX9DfsDbHAlOUHXurUATq5gFsqg
2020-03-24 14:06:24.374 [http-nio-8080-exec-3] INFO  org.jeecg.modules.shiro.authc.ShiroRealm:97 - ————————身份认证失败——————————IP地址:  127.0.0.1
2020-03-24 14:06:24.400 [http-nio-8080-exec-3] ERROR o.a.c.c.C.[.[localhost].[/iov].[dispatcherServlet]:175 - Servlet.service() for servlet [dispatcherServlet] in context with path [/iov] threw exception [org.apache.shiro.authc.AuthenticationException: Token失效，请重新登录] with root cause
org.apache.shiro.authc.AuthenticationException: token为空!
	at org.jeecg.modules.shiro.authc.ShiroRealm.doGetAuthenticationInfo(ShiroRealm.java:98)
	at org.apache.shiro.realm.AuthenticatingRealm.getAuthenticationInfo(AuthenticatingRealm.java:571)
	at org.apache.shiro.authc.pam.ModularRealmAuthenticator.doSingleRealmAuthentication(ModularRealmAuthenticator.java:180)
	at org.apache.shiro.authc.pam.ModularRealmAuthenticator.doAuthenticate(ModularRealmAuthenticator.java:267)
	at org.apache.shiro.authc.AbstractAuthenticator.authenticate(AbstractAuthenticator.java:198)
	at org.apache.shiro.mgt.AuthenticatingSecurityManager.authenticate(AuthenticatingSecurityManager.java:106)
	at org.apache.shiro.mgt.DefaultSecurityManager.login(DefaultSecurityManager.java:274)
	at org.apache.shiro.subject.support.DelegatingSubject.login(DelegatingSubject.java:260)
	at org.jeecg.modules.shiro.authc.aop.JwtFilter.executeLogin(JwtFilter.java:51)
	at org.jeecg.modules.shiro.authc.aop.JwtFilter.isAccessAllowed(JwtFilter.java:34)
	at org.apache.shiro.web.filter.AccessControlFilter.onPreHandle(AccessControlFilter.java:162)
	at org.apache.shiro.web.filter.PathMatchingFilter.isFilterChainContinued(PathMatchingFilter.java:203)
	at org.apache.shiro.web.filter.PathMatchingFilter.preHandle(PathMatchingFilter.java:178)
	at org.jeecg.modules.shiro.authc.aop.JwtFilter.preHandle(JwtFilter.java:71)
	at org.apache.shiro.web.servlet.AdviceFilter.doFilterInternal(AdviceFilter.java:131)
	at org.apache.shiro.web.servlet.OncePerRequestFilter.doFilter(OncePerRequestFilter.java:125)
	at org.apache.shiro.web.servlet.ProxiedFilterChain.doFilter(ProxiedFilterChain.java:66)
	at org.apache.shiro.web.servlet.AbstractShiroFilter.executeChain(AbstractShiroFilter.java:449)
	at org.apache.shiro.web.servlet.AbstractShiroFilter$1.call(AbstractShiroFilter.java:365)
	at org.apache.shiro.subject.support.SubjectCallable.doCall(SubjectCallable.java:90)
	at org.apache.shiro.subject.support.SubjectCallable.call(SubjectCallable.java:83)
	at org.apache.shiro.subject.support.DelegatingSubject.execute(DelegatingSubject.java:387)
	at org.apache.shiro.web.servlet.AbstractShiroFilter.doFilterInternal(AbstractShiroFilter.java:362)
	at org.apache.shiro.web.servlet.OncePerRequestFilter.doFilter(OncePerRequestFilter.java:125)
	at org.apache.catalina.core.ApplicationFilterChain.internalDoFilter(ApplicationFilterChain.java:193)
	at org.apache.catalina.core.ApplicationFilterChain.doFilter(ApplicationFilterChain.java:166)
	at com.alibaba.druid.support.http.WebStatFilter.doFilter(WebStatFilter.java:124)
	at org.apache.catalina.core.ApplicationFilterChain.internalDoFilter(ApplicationFilterChain.java:193)
	at org.apache.catalina.core.ApplicationFilterChain.doFilter(ApplicationFilterChain.java:166)
	at org.springframework.boot.actuate.web.trace.servlet.HttpTraceFilter.doFilterInternal(HttpTraceFilter.java:90)
	at org.springframework.web.filter.OncePerRequestFilter.doFilter(OncePerRequestFilter.java:107)
	at org.apache.catalina.core.ApplicationFilterChain.internalDoFilter(ApplicationFilterChain.java:193)
	at org.apache.catalina.core.ApplicationFilterChain.doFilter(ApplicationFilterChain.java:166)
	at org.springframework.web.filter.RequestContextFilter.doFilterInternal(RequestContextFilter.java:99)
	at org.springframework.web.filter.OncePerRequestFilter.doFilter(OncePerRequestFilter.java:107)
	at org.apache.catalina.core.ApplicationFilterChain.internalDoFilter(ApplicationFilterChain.java:193)
	at org.apache.catalina.core.ApplicationFilterChain.doFilter(ApplicationFilterChain.java:166)
	at org.springframework.web.filter.FormContentFilter.doFilterInternal(FormContentFilter.java:92)
	at org.springframework.web.filter.OncePerRequestFilter.doFilter(OncePerRequestFilter.java:107)
	at org.apache.catalina.core.ApplicationFilterChain.internalDoFilter(ApplicationFilterChain.java:193)
	at org.apache.catalina.core.ApplicationFilterChain.doFilter(ApplicationFilterChain.java:166)
	at org.springframework.web.filter.HiddenHttpMethodFilter.doFilterInternal(HiddenHttpMethodFilter.java:93)
	at org.springframework.web.filter.OncePerRequestFilter.doFilter(OncePerRequestFilter.java:107)
	at org.apache.catalina.core.ApplicationFilterChain.internalDoFilter(ApplicationFilterChain.java:193)
	at org.apache.catalina.core.ApplicationFilterChain.doFilter(ApplicationFilterChain.java:166)
	at org.springframework.boot.actuate.metrics.web.servlet.WebMvcMetricsFilter.filterAndRecordMetrics(WebMvcMetricsFilter.java:117)
	at org.springframework.boot.actuate.metrics.web.servlet.WebMvcMetricsFilter.doFilterInternal(WebMvcMetricsFilter.java:106)
	at org.springframework.web.filter.OncePerRequestFilter.doFilter(OncePerRequestFilter.java:107)
	at org.apache.catalina.core.ApplicationFilterChain.internalDoFilter(ApplicationFilterChain.java:193)
	at org.apache.catalina.core.ApplicationFilterChain.doFilter(ApplicationFilterChain.java:166)
	at org.springframework.web.filter.CharacterEncodingFilter.doFilterInternal(CharacterEncodingFilter.java:200)
	at org.springframework.web.filter.OncePerRequestFilter.doFilter(OncePerRequestFilter.java:107)
	at org.apache.catalina.core.ApplicationFilterChain.internalDoFilter(ApplicationFilterChain.java:193)
	at org.apache.catalina.core.ApplicationFilterChain.doFilter(ApplicationFilterChain.java:166)
	at org.apache.catalina.core.StandardWrapperValve.invoke(StandardWrapperValve.java:200)
	at org.apache.catalina.core.StandardContextValve.invoke(StandardContextValve.java:96)
	at org.apache.catalina.authenticator.AuthenticatorBase.invoke(AuthenticatorBase.java:490)
	at org.apache.catalina.core.StandardHostValve.invoke(StandardHostValve.java:139)
	at org.apache.catalina.valves.ErrorReportValve.invoke(ErrorReportValve.java:92)
	at org.apache.catalina.core.StandardEngineValve.invoke(StandardEngineValve.java:74)
	at org.apache.catalina.connector.CoyoteAdapter.service(CoyoteAdapter.java:343)
	at org.apache.coyote.http11.Http11Processor.service(Http11Processor.java:408)
	at org.apache.coyote.AbstractProcessorLight.process(AbstractProcessorLight.java:66)
	at org.apache.coyote.AbstractProtocol$ConnectionHandler.process(AbstractProtocol.java:834)
	at org.apache.tomcat.util.net.NioEndpoint$SocketProcessor.doRun(NioEndpoint.java:1415)
	at org.apache.tomcat.util.net.SocketProcessorBase.run(SocketProcessorBase.java:49)
	at java.util.concurrent.ThreadPoolExecutor.runWorker(ThreadPoolExecutor.java:1149)
	at java.util.concurrent.ThreadPoolExecutor$Worker.run(ThreadPoolExecutor.java:624)
	at org.apache.tomcat.util.threads.TaskThread$WrappingRunnable.run(TaskThread.java:61)
	at java.lang.Thread.run(Thread.java:748)
2020-03-24 14:06:24.489 [http-nio-8080-exec-9] INFO  org.jeecg.modules.message.websocket.WebSocket:50 - 【websocket消息】连接断开，总数为:0
2020-03-24 14:17:03.686 [http-nio-8080-exec-1] INFO  org.jeecg.modules.shiro.authc.ShiroRealm:118 - ———校验token是否有效————checkUserTokenIsEffect——————— eyJ0eXAiOiJKV1QiLCJhbGciOiJIUzI1NiJ9.eyJleHAiOjE1ODUwMzA1NzgsInVzZXJuYW1lIjoiYWRtaW4ifQ.wcUN_ggdwn6ckAAxrX9DfsDbHAlOUHXurUATq5gFsqg
2020-03-24 14:17:03.713 [http-nio-8080-exec-1] INFO  org.jeecg.modules.shiro.authc.ShiroRealm:157 - ——————————用户在线操作，更新token保证不掉线—————————jwtTokenRefresh——————— eyJ0eXAiOiJKV1QiLCJhbGciOiJIUzI1NiJ9.eyJleHAiOjE1ODUwMzA1NzgsInVzZXJuYW1lIjoiYWRtaW4ifQ.wcUN_ggdwn6ckAAxrX9DfsDbHAlOUHXurUATq5gFsqg
2020-03-24 14:17:03.718 [http-nio-8080-exec-1] INFO  o.j.m.system.controller.SysPermissionController:182 -  ------ 通过令牌获取用户拥有的访问菜单 ---- TOKEN ------ eyJ0eXAiOiJKV1QiLCJhbGciOiJIUzI1NiJ9.eyJleHAiOjE1ODUwMzA1NzgsInVzZXJuYW1lIjoiYWRtaW4ifQ.wcUN_ggdwn6ckAAxrX9DfsDbHAlOUHXurUATq5gFsqg
2020-03-24 14:17:04.828 [http-nio-8080-exec-10] INFO  org.jeecg.modules.message.websocket.WebSocket:41 - 【websocket消息】有新的连接，总数为:1
2020-03-24 14:17:04.902 [http-nio-8080-exec-4] ERROR o.jeecg.common.system.controller.CommonController:119 - 预览图片失败D:\upFiles\user\20190119\logo-2_1547868176839.png (系统找不到指定的路径。)
2020-03-24 14:17:04.996 [http-nio-8080-exec-6] INFO  org.jeecg.modules.shiro.authc.ShiroRealm:118 - ———校验token是否有效————checkUserTokenIsEffect——————— eyJ0eXAiOiJKV1QiLCJhbGciOiJIUzI1NiJ9.eyJleHAiOjE1ODUwMzA1NzgsInVzZXJuYW1lIjoiYWRtaW4ifQ.wcUN_ggdwn6ckAAxrX9DfsDbHAlOUHXurUATq5gFsqg
2020-03-24 14:17:04.998 [http-nio-8080-exec-7] INFO  org.jeecg.modules.shiro.authc.ShiroRealm:118 - ———校验token是否有效————checkUserTokenIsEffect——————— eyJ0eXAiOiJKV1QiLCJhbGciOiJIUzI1NiJ9.eyJleHAiOjE1ODUwMzA1NzgsInVzZXJuYW1lIjoiYWRtaW4ifQ.wcUN_ggdwn6ckAAxrX9DfsDbHAlOUHXurUATq5gFsqg
2020-03-24 14:17:05.027 [http-nio-8080-exec-5] INFO  org.jeecg.modules.shiro.authc.ShiroRealm:118 - ———校验token是否有效————checkUserTokenIsEffect——————— eyJ0eXAiOiJKV1QiLCJhbGciOiJIUzI1NiJ9.eyJleHAiOjE1ODUwMzA1NzgsInVzZXJuYW1lIjoiYWRtaW4ifQ.wcUN_ggdwn6ckAAxrX9DfsDbHAlOUHXurUATq5gFsqg
2020-03-24 14:17:26.782 [http-nio-8080-exec-3] INFO  org.jeecg.modules.shiro.authc.ShiroRealm:118 - ———校验token是否有效————checkUserTokenIsEffect——————— eyJ0eXAiOiJKV1QiLCJhbGciOiJIUzI1NiJ9.eyJleHAiOjE1ODUwMzA1NzgsInVzZXJuYW1lIjoiYWRtaW4ifQ.wcUN_ggdwn6ckAAxrX9DfsDbHAlOUHXurUATq5gFsqg
2020-03-24 14:17:40.731 [http-nio-8080-exec-9] INFO  org.jeecg.modules.shiro.authc.ShiroRealm:118 - ———校验token是否有效————checkUserTokenIsEffect——————— eyJ0eXAiOiJKV1QiLCJhbGciOiJIUzI1NiJ9.eyJleHAiOjE1ODUwMzA1NzgsInVzZXJuYW1lIjoiYWRtaW4ifQ.wcUN_ggdwn6ckAAxrX9DfsDbHAlOUHXurUATq5gFsqg
2020-03-24 14:17:43.127 [http-nio-8080-exec-1] INFO  org.jeecg.modules.shiro.authc.ShiroRealm:118 - ———校验token是否有效————checkUserTokenIsEffect——————— eyJ0eXAiOiJKV1QiLCJhbGciOiJIUzI1NiJ9.eyJleHAiOjE1ODUwMzA1NzgsInVzZXJuYW1lIjoiYWRtaW4ifQ.wcUN_ggdwn6ckAAxrX9DfsDbHAlOUHXurUATq5gFsqg
2020-03-24 14:17:43.136 [http-nio-8080-exec-1] INFO  org.jeecg.common.system.query.QueryGenerator:404 - --查询规则-->car_log_id = 1233378162719997953
2020-03-24 14:17:48.877 [http-nio-8080-exec-7] INFO  org.jeecg.modules.shiro.authc.ShiroRealm:118 - ———校验token是否有效————checkUserTokenIsEffect——————— eyJ0eXAiOiJKV1QiLCJhbGciOiJIUzI1NiJ9.eyJleHAiOjE1ODUwMzA1NzgsInVzZXJuYW1lIjoiYWRtaW4ifQ.wcUN_ggdwn6ckAAxrX9DfsDbHAlOUHXurUATq5gFsqg
2020-03-24 14:17:51.718 [http-nio-8080-exec-6] INFO  org.jeecg.modules.shiro.authc.ShiroRealm:118 - ———校验token是否有效————checkUserTokenIsEffect——————— eyJ0eXAiOiJKV1QiLCJhbGciOiJIUzI1NiJ9.eyJleHAiOjE1ODUwMzA1NzgsInVzZXJuYW1lIjoiYWRtaW4ifQ.wcUN_ggdwn6ckAAxrX9DfsDbHAlOUHXurUATq5gFsqg
2020-03-24 14:17:52.794 [http-nio-8080-exec-5] INFO  org.jeecg.modules.shiro.authc.ShiroRealm:118 - ———校验token是否有效————checkUserTokenIsEffect——————— eyJ0eXAiOiJKV1QiLCJhbGciOiJIUzI1NiJ9.eyJleHAiOjE1ODUwMzA1NzgsInVzZXJuYW1lIjoiYWRtaW4ifQ.wcUN_ggdwn6ckAAxrX9DfsDbHAlOUHXurUATq5gFsqg
2020-03-24 14:17:52.834 [http-nio-8080-exec-5] INFO  org.jeecg.common.system.query.QueryGenerator:404 - --查询规则-->create_by = admin
2020-03-24 14:17:54.838 [http-nio-8080-exec-2] INFO  org.jeecg.modules.shiro.authc.ShiroRealm:118 - ———校验token是否有效————checkUserTokenIsEffect——————— eyJ0eXAiOiJKV1QiLCJhbGciOiJIUzI1NiJ9.eyJleHAiOjE1ODUwMzA1NzgsInVzZXJuYW1lIjoiYWRtaW4ifQ.wcUN_ggdwn6ckAAxrX9DfsDbHAlOUHXurUATq5gFsqg
2020-03-24 14:18:09.516 [http-nio-8080-exec-1] INFO  org.jeecg.modules.shiro.authc.ShiroRealm:118 - ———校验token是否有效————checkUserTokenIsEffect——————— eyJ0eXAiOiJKV1QiLCJhbGciOiJIUzI1NiJ9.eyJleHAiOjE1ODUwMzA1NzgsInVzZXJuYW1lIjoiYWRtaW4ifQ.wcUN_ggdwn6ckAAxrX9DfsDbHAlOUHXurUATq5gFsqg
2020-03-24 14:18:09.531 [http-nio-8080-exec-1] INFO  org.jeecg.common.system.query.QueryGenerator:404 - --查询规则-->car_log_id = 1233378162719997953
2020-03-24 14:20:23.141 [http-nio-8080-exec-6] INFO  org.jeecg.modules.shiro.authc.ShiroRealm:118 - ———校验token是否有效————checkUserTokenIsEffect——————— eyJ0eXAiOiJKV1QiLCJhbGciOiJIUzI1NiJ9.eyJleHAiOjE1ODUwMzA1NzgsInVzZXJuYW1lIjoiYWRtaW4ifQ.wcUN_ggdwn6ckAAxrX9DfsDbHAlOUHXurUATq5gFsqg
2020-03-24 14:20:24.465 [http-nio-8080-exec-7] INFO  org.jeecg.modules.shiro.authc.ShiroRealm:118 - ———校验token是否有效————checkUserTokenIsEffect——————— eyJ0eXAiOiJKV1QiLCJhbGciOiJIUzI1NiJ9.eyJleHAiOjE1ODUwMzA1NzgsInVzZXJuYW1lIjoiYWRtaW4ifQ.wcUN_ggdwn6ckAAxrX9DfsDbHAlOUHXurUATq5gFsqg
2020-03-24 14:20:26.216 [http-nio-8080-exec-8] INFO  org.jeecg.modules.shiro.authc.ShiroRealm:118 - ———校验token是否有效————checkUserTokenIsEffect——————— eyJ0eXAiOiJKV1QiLCJhbGciOiJIUzI1NiJ9.eyJleHAiOjE1ODUwMzA1NzgsInVzZXJuYW1lIjoiYWRtaW4ifQ.wcUN_ggdwn6ckAAxrX9DfsDbHAlOUHXurUATq5gFsqg
2020-03-24 14:20:26.224 [http-nio-8080-exec-8] INFO  org.jeecg.common.system.query.QueryGenerator:404 - --查询规则-->car_log_id = 1233377151339085825
2020-03-24 14:20:29.739 [http-nio-8080-exec-3] INFO  org.jeecg.modules.shiro.authc.ShiroRealm:118 - ———校验token是否有效————checkUserTokenIsEffect——————— eyJ0eXAiOiJKV1QiLCJhbGciOiJIUzI1NiJ9.eyJleHAiOjE1ODUwMzA1NzgsInVzZXJuYW1lIjoiYWRtaW4ifQ.wcUN_ggdwn6ckAAxrX9DfsDbHAlOUHXurUATq5gFsqg
2020-03-24 14:20:29.749 [http-nio-8080-exec-3] INFO  org.jeecg.common.system.query.QueryGenerator:404 - --查询规则-->car_log_id = 1233377151339085825
2020-03-24 14:20:52.071 [http-nio-8080-exec-4] INFO  org.jeecg.modules.shiro.authc.ShiroRealm:118 - ———校验token是否有效————checkUserTokenIsEffect——————— eyJ0eXAiOiJKV1QiLCJhbGciOiJIUzI1NiJ9.eyJleHAiOjE1ODUwMzA1NzgsInVzZXJuYW1lIjoiYWRtaW4ifQ.wcUN_ggdwn6ckAAxrX9DfsDbHAlOUHXurUATq5gFsqg
2020-03-24 14:20:52.503 [http-nio-8080-exec-10] INFO  org.jeecg.modules.shiro.authc.ShiroRealm:118 - ———校验token是否有效————checkUserTokenIsEffect——————— eyJ0eXAiOiJKV1QiLCJhbGciOiJIUzI1NiJ9.eyJleHAiOjE1ODUwMzA1NzgsInVzZXJuYW1lIjoiYWRtaW4ifQ.wcUN_ggdwn6ckAAxrX9DfsDbHAlOUHXurUATq5gFsqg
2020-03-24 14:20:53.821 [http-nio-8080-exec-6] INFO  org.jeecg.modules.shiro.authc.ShiroRealm:118 - ———校验token是否有效————checkUserTokenIsEffect——————— eyJ0eXAiOiJKV1QiLCJhbGciOiJIUzI1NiJ9.eyJleHAiOjE1ODUwMzA1NzgsInVzZXJuYW1lIjoiYWRtaW4ifQ.wcUN_ggdwn6ckAAxrX9DfsDbHAlOUHXurUATq5gFsqg
2020-03-24 14:20:53.865 [http-nio-8080-exec-6] INFO  org.jeecg.common.system.query.QueryGenerator:404 - --查询规则-->create_by = admin
2020-03-24 14:20:59.613 [http-nio-8080-exec-7] INFO  org.jeecg.modules.shiro.authc.ShiroRealm:118 - ———校验token是否有效————checkUserTokenIsEffect——————— eyJ0eXAiOiJKV1QiLCJhbGciOiJIUzI1NiJ9.eyJleHAiOjE1ODUwMzA1NzgsInVzZXJuYW1lIjoiYWRtaW4ifQ.wcUN_ggdwn6ckAAxrX9DfsDbHAlOUHXurUATq5gFsqg
2020-03-24 14:21:01.356 [http-nio-8080-exec-5] INFO  org.jeecg.modules.shiro.authc.ShiroRealm:118 - ———校验token是否有效————checkUserTokenIsEffect——————— eyJ0eXAiOiJKV1QiLCJhbGciOiJIUzI1NiJ9.eyJleHAiOjE1ODUwMzA1NzgsInVzZXJuYW1lIjoiYWRtaW4ifQ.wcUN_ggdwn6ckAAxrX9DfsDbHAlOUHXurUATq5gFsqg
2020-03-24 14:21:02.438 [http-nio-8080-exec-2] INFO  org.jeecg.modules.shiro.authc.ShiroRealm:118 - ———校验token是否有效————checkUserTokenIsEffect——————— eyJ0eXAiOiJKV1QiLCJhbGciOiJIUzI1NiJ9.eyJleHAiOjE1ODUwMzA1NzgsInVzZXJuYW1lIjoiYWRtaW4ifQ.wcUN_ggdwn6ckAAxrX9DfsDbHAlOUHXurUATq5gFsqg
2020-03-24 14:21:31.015 [http-nio-8080-exec-4] INFO  org.jeecg.modules.shiro.authc.ShiroRealm:118 - ———校验token是否有效————checkUserTokenIsEffect——————— eyJ0eXAiOiJKV1QiLCJhbGciOiJIUzI1NiJ9.eyJleHAiOjE1ODUwMzA1NzgsInVzZXJuYW1lIjoiYWRtaW4ifQ.wcUN_ggdwn6ckAAxrX9DfsDbHAlOUHXurUATq5gFsqg
2020-03-24 14:21:33.963 [http-nio-8080-exec-10] INFO  org.jeecg.modules.shiro.authc.ShiroRealm:118 - ———校验token是否有效————checkUserTokenIsEffect——————— eyJ0eXAiOiJKV1QiLCJhbGciOiJIUzI1NiJ9.eyJleHAiOjE1ODUwMzA1NzgsInVzZXJuYW1lIjoiYWRtaW4ifQ.wcUN_ggdwn6ckAAxrX9DfsDbHAlOUHXurUATq5gFsqg
2020-03-24 14:21:36.304 [http-nio-8080-exec-6] INFO  org.jeecg.modules.shiro.authc.ShiroRealm:118 - ———校验token是否有效————checkUserTokenIsEffect——————— eyJ0eXAiOiJKV1QiLCJhbGciOiJIUzI1NiJ9.eyJleHAiOjE1ODUwMzA1NzgsInVzZXJuYW1lIjoiYWRtaW4ifQ.wcUN_ggdwn6ckAAxrX9DfsDbHAlOUHXurUATq5gFsqg
2020-03-24 14:21:37.390 [http-nio-8080-exec-7] INFO  org.jeecg.modules.shiro.authc.ShiroRealm:118 - ———校验token是否有效————checkUserTokenIsEffect——————— eyJ0eXAiOiJKV1QiLCJhbGciOiJIUzI1NiJ9.eyJleHAiOjE1ODUwMzA1NzgsInVzZXJuYW1lIjoiYWRtaW4ifQ.wcUN_ggdwn6ckAAxrX9DfsDbHAlOUHXurUATq5gFsqg
2020-03-24 14:21:39.615 [http-nio-8080-exec-5] INFO  org.jeecg.modules.shiro.authc.ShiroRealm:118 - ———校验token是否有效————checkUserTokenIsEffect——————— eyJ0eXAiOiJKV1QiLCJhbGciOiJIUzI1NiJ9.eyJleHAiOjE1ODUwMzA1NzgsInVzZXJuYW1lIjoiYWRtaW4ifQ.wcUN_ggdwn6ckAAxrX9DfsDbHAlOUHXurUATq5gFsqg
2020-03-24 14:21:42.313 [http-nio-8080-exec-2] INFO  org.jeecg.modules.shiro.authc.ShiroRealm:118 - ———校验token是否有效————checkUserTokenIsEffect——————— eyJ0eXAiOiJKV1QiLCJhbGciOiJIUzI1NiJ9.eyJleHAiOjE1ODUwMzA1NzgsInVzZXJuYW1lIjoiYWRtaW4ifQ.wcUN_ggdwn6ckAAxrX9DfsDbHAlOUHXurUATq5gFsqg
2020-03-24 14:21:43.334 [http-nio-8080-exec-3] INFO  org.jeecg.modules.shiro.authc.ShiroRealm:118 - ———校验token是否有效————checkUserTokenIsEffect——————— eyJ0eXAiOiJKV1QiLCJhbGciOiJIUzI1NiJ9.eyJleHAiOjE1ODUwMzA1NzgsInVzZXJuYW1lIjoiYWRtaW4ifQ.wcUN_ggdwn6ckAAxrX9DfsDbHAlOUHXurUATq5gFsqg
2020-03-24 14:21:43.366 [http-nio-8080-exec-3] INFO  org.jeecg.common.system.query.QueryGenerator:404 - --查询规则-->create_by = admin
2020-03-24 14:22:25.026 [http-nio-8080-exec-10] INFO  org.jeecg.modules.shiro.authc.ShiroRealm:118 - ———校验token是否有效————checkUserTokenIsEffect——————— eyJ0eXAiOiJKV1QiLCJhbGciOiJIUzI1NiJ9.eyJleHAiOjE1ODUwMzA1NzgsInVzZXJuYW1lIjoiYWRtaW4ifQ.wcUN_ggdwn6ckAAxrX9DfsDbHAlOUHXurUATq5gFsqg
2020-03-24 14:22:37.310 [http-nio-8080-exec-5] INFO  org.jeecg.modules.shiro.authc.ShiroRealm:118 - ———校验token是否有效————checkUserTokenIsEffect——————— eyJ0eXAiOiJKV1QiLCJhbGciOiJIUzI1NiJ9.eyJleHAiOjE1ODUwMzA1NzgsInVzZXJuYW1lIjoiYWRtaW4ifQ.wcUN_ggdwn6ckAAxrX9DfsDbHAlOUHXurUATq5gFsqg
2020-03-24 14:22:38.163 [http-nio-8080-exec-2] INFO  org.jeecg.modules.shiro.authc.ShiroRealm:118 - ———校验token是否有效————checkUserTokenIsEffect——————— eyJ0eXAiOiJKV1QiLCJhbGciOiJIUzI1NiJ9.eyJleHAiOjE1ODUwMzA1NzgsInVzZXJuYW1lIjoiYWRtaW4ifQ.wcUN_ggdwn6ckAAxrX9DfsDbHAlOUHXurUATq5gFsqg
2020-03-24 14:22:43.657 [http-nio-8080-exec-3] INFO  org.jeecg.modules.message.websocket.WebSocket:50 - 【websocket消息】连接断开，总数为:0
