2020-05-17 22:28:27.438 [main] INFO  org.jeecg.JeecgApplication:50 - Starting JeecgApplication on DESKTOP-9O9R4FS with PID 10972 (F:\git\bs\iov\iov-server\system\target\classes started by zhen in F:\git\bs\iov\iov-server)
2020-05-17 22:28:27.447 [main] INFO  org.jeecg.JeecgApplication:679 - The following profiles are active: dev
2020-05-17 22:28:33.132 [main] INFO  o.s.d.r.config.RepositoryConfigurationDelegate:244 - Multiple Spring Data modules found, entering strict repository configuration mode!
2020-05-17 22:28:33.137 [main] INFO  o.s.d.r.config.RepositoryConfigurationDelegate:126 - Bootstrapping Spring Data repositories in DEFAULT mode.
2020-05-17 22:28:33.276 [main] INFO  o.s.d.r.config.RepositoryConfigurationDelegate:182 - Finished Spring Data repository scanning in 112ms. Found 0 repository interfaces.
2020-05-17 22:28:33.703 [main] INFO  o.s.c.s.PostProcessorRegistrationDelegate$BeanPostProcessorChecker:330 - Bean 'shiroConfig' of type [org.jeecg.config.ShiroConfig$$EnhancerBySpringCGLIB$$24b627fd] is not eligible for getting processed by all BeanPostProcessors (for example: not eligible for auto-proxying)
2020-05-17 22:28:33.803 [main] INFO  o.s.c.s.PostProcessorRegistrationDelegate$BeanPostProcessorChecker:330 - Bean 'shiroRealm' of type [org.jeecg.modules.shiro.authc.ShiroRealm] is not eligible for getting processed by all BeanPostProcessors (for example: not eligible for auto-proxying)
2020-05-17 22:28:34.655 [main] INFO  org.jeecg.config.ShiroConfig:198 - ===============(1)创建缓存管理器RedisCacheManager
2020-05-17 22:28:34.657 [main] INFO  org.jeecg.config.ShiroConfig:216 - ===============(2)创建RedisManager,连接Redis..URL= 127.0.0.1:6379
2020-05-17 22:28:34.662 [main] INFO  o.s.c.s.PostProcessorRegistrationDelegate$BeanPostProcessorChecker:330 - Bean 'redisManager' of type [org.crazycake.shiro.RedisManager] is not eligible for getting processed by all BeanPostProcessors (for example: not eligible for auto-proxying)
2020-05-17 22:28:34.668 [main] INFO  o.s.c.s.PostProcessorRegistrationDelegate$BeanPostProcessorChecker:330 - Bean 'securityManager' of type [org.apache.shiro.web.mgt.DefaultWebSecurityManager] is not eligible for getting processed by all BeanPostProcessors (for example: not eligible for auto-proxying)
2020-05-17 22:28:34.699 [main] INFO  o.s.c.s.PostProcessorRegistrationDelegate$BeanPostProcessorChecker:330 - Bean 'authorizationAttributeSourceAdvisor' of type [org.apache.shiro.spring.security.interceptor.AuthorizationAttributeSourceAdvisor] is not eligible for getting processed by all BeanPostProcessors (for example: not eligible for auto-proxying)
2020-05-17 22:28:34.798 [main] INFO  o.s.c.s.PostProcessorRegistrationDelegate$BeanPostProcessorChecker:330 - Bean 'spring.datasource.dynamic-com.baomidou.dynamic.datasource.spring.boot.autoconfigure.DynamicDataSourceProperties' of type [com.baomidou.dynamic.datasource.spring.boot.autoconfigure.DynamicDataSourceProperties] is not eligible for getting processed by all BeanPostProcessors (for example: not eligible for auto-proxying)
2020-05-17 22:28:34.959 [main] INFO  o.s.c.s.PostProcessorRegistrationDelegate$BeanPostProcessorChecker:330 - Bean 'com.baomidou.dynamic.datasource.spring.boot.autoconfigure.DynamicDataSourceAutoConfiguration' of type [com.baomidou.dynamic.datasource.spring.boot.autoconfigure.DynamicDataSourceAutoConfiguration$$EnhancerBySpringCGLIB$$6e3f2f38] is not eligible for getting processed by all BeanPostProcessors (for example: not eligible for auto-proxying)
2020-05-17 22:28:34.982 [main] INFO  o.s.c.s.PostProcessorRegistrationDelegate$BeanPostProcessorChecker:330 - Bean 'dsProcessor' of type [com.baomidou.dynamic.datasource.processor.DsHeaderProcessor] is not eligible for getting processed by all BeanPostProcessors (for example: not eligible for auto-proxying)
2020-05-17 22:28:34.990 [main] INFO  o.s.c.s.PostProcessorRegistrationDelegate$BeanPostProcessorChecker:330 - Bean 'dynamicDatasourceAnnotationAdvisor' of type [com.baomidou.dynamic.datasource.aop.DynamicDataSourceAnnotationAdvisor] is not eligible for getting processed by all BeanPostProcessors (for example: not eligible for auto-proxying)
2020-05-17 22:28:35.005 [main] INFO  o.s.c.s.PostProcessorRegistrationDelegate$BeanPostProcessorChecker:330 - Bean 'org.springframework.transaction.annotation.ProxyTransactionManagementConfiguration' of type [org.springframework.transaction.annotation.ProxyTransactionManagementConfiguration$$EnhancerBySpringCGLIB$$4b0be67] is not eligible for getting processed by all BeanPostProcessors (for example: not eligible for auto-proxying)
2020-05-17 22:28:35.063 [main] INFO  o.s.c.s.PostProcessorRegistrationDelegate$BeanPostProcessorChecker:330 - Bean 'spring.redis-org.springframework.boot.autoconfigure.data.redis.RedisProperties' of type [org.springframework.boot.autoconfigure.data.redis.RedisProperties] is not eligible for getting processed by all BeanPostProcessors (for example: not eligible for auto-proxying)
2020-05-17 22:28:35.076 [main] INFO  o.s.c.s.PostProcessorRegistrationDelegate$BeanPostProcessorChecker:330 - Bean 'org.springframework.boot.autoconfigure.data.redis.LettuceConnectionConfiguration' of type [org.springframework.boot.autoconfigure.data.redis.LettuceConnectionConfiguration$$EnhancerBySpringCGLIB$$19ca7cb1] is not eligible for getting processed by all BeanPostProcessors (for example: not eligible for auto-proxying)
2020-05-17 22:28:35.297 [main] INFO  o.s.c.s.PostProcessorRegistrationDelegate$BeanPostProcessorChecker:330 - Bean 'lettuceClientResources' of type [io.lettuce.core.resource.DefaultClientResources] is not eligible for getting processed by all BeanPostProcessors (for example: not eligible for auto-proxying)
2020-05-17 22:28:35.404 [main] INFO  o.s.c.s.PostProcessorRegistrationDelegate$BeanPostProcessorChecker:330 - Bean 'redisConnectionFactory' of type [org.springframework.data.redis.connection.lettuce.LettuceConnectionFactory] is not eligible for getting processed by all BeanPostProcessors (for example: not eligible for auto-proxying)
2020-05-17 22:28:35.420 [main] INFO  o.s.c.s.PostProcessorRegistrationDelegate$BeanPostProcessorChecker:330 - Bean 'redisConfig' of type [org.jeecg.config.RedisConfig$$EnhancerBySpringCGLIB$$6f84af47] is not eligible for getting processed by all BeanPostProcessors (for example: not eligible for auto-proxying)
2020-05-17 22:28:35.460 [main] INFO  o.s.c.s.PostProcessorRegistrationDelegate$BeanPostProcessorChecker:330 - Bean 'org.apache.shiro.spring.boot.autoconfigure.ShiroBeanAutoConfiguration' of type [org.apache.shiro.spring.boot.autoconfigure.ShiroBeanAutoConfiguration$$EnhancerBySpringCGLIB$$17c99c17] is not eligible for getting processed by all BeanPostProcessors (for example: not eligible for auto-proxying)
2020-05-17 22:28:35.468 [main] INFO  o.s.c.s.PostProcessorRegistrationDelegate$BeanPostProcessorChecker:330 - Bean 'eventBus' of type [org.apache.shiro.event.support.DefaultEventBus] is not eligible for getting processed by all BeanPostProcessors (for example: not eligible for auto-proxying)
2020-05-17 22:28:36.117 [main] INFO  o.s.boot.web.embedded.tomcat.TomcatWebServer:90 - Tomcat initialized with port(s): 8080 (http)
2020-05-17 22:28:36.137 [main] INFO  org.apache.coyote.http11.Http11NioProtocol:173 - Initializing ProtocolHandler ["http-nio-8080"]
2020-05-17 22:28:36.154 [main] INFO  org.apache.catalina.core.StandardService:173 - Starting service [Tomcat]
2020-05-17 22:28:36.155 [main] INFO  org.apache.catalina.core.StandardEngine:173 - Starting Servlet engine: [Apache Tomcat/9.0.16]
2020-05-17 22:28:36.171 [main] INFO  org.apache.catalina.core.AprLifecycleListener:173 - The APR based Apache Tomcat Native library which allows optimal performance in production environments was not found on the java.library.path: [E:\Program Files\Java\jdk1.8.0_212\bin;C:\Windows\Sun\Java\bin;C:\Windows\system32;C:\Windows;E:\Program Files (x86)\NetSarang\Xshell 6\;C:\Program Files (x86)\Common Files\Oracle\Java\javapath;C:\Windows\system32;C:\Windows;C:\Windows\System32\Wbem;C:\Windows\System32\WindowsPowerShell\v1.0\;C:\Windows\System32\OpenSSH\;E:\Program Files\Java\jdk1.8.0_212\bin;E:\Program Files\Java\jdk1.8.0_212\jre\bin;e:\Program Files\Git\cmd;E:\Program Files\mysql-5.7.26-winx64\bin;C:\Program Files (x86)\NVIDIA Corporation\PhysX\Common;E:\nvm;e:\Program Files\nodejs;C:\Program Files\TortoiseSVN\bin;C:\Program Files\NVIDIA Corporation\NVIDIA NvDLISR;C:\Users\zhen\AppData\Local\Microsoft\WindowsApps;E:\nvm;e:\Program Files\nodejs;.]
2020-05-17 22:28:36.548 [main] INFO  o.a.c.c.ContainerBase.[Tomcat].[localhost].[/iov]:173 - Initializing Spring embedded WebApplicationContext
2020-05-17 22:28:36.549 [main] INFO  org.springframework.web.context.ContextLoader:296 - Root WebApplicationContext: initialization completed in 8914 ms
2020-05-17 22:28:37.023 [main] INFO  c.b.dynamic.datasource.DynamicDataSourceCreator:113 - 动态数据源-检测到druid存在,如配置中未指定type,druid会默认配置
2020-05-17 22:28:37.599 [main] INFO  com.alibaba.druid.pool.DruidDataSource:1003 - {dataSource-1,master} inited
2020-05-17 22:28:37.600 [main] INFO  c.b.dynamic.datasource.DynamicRoutingDataSource:203 - 初始共加载 1 个数据源
2020-05-17 22:28:37.600 [main] INFO  c.b.dynamic.datasource.DynamicRoutingDataSource:142 - 动态数据源-加载 master 成功
2020-05-17 22:28:37.601 [main] INFO  c.b.dynamic.datasource.DynamicRoutingDataSource:212 - 当前的默认数据源是单数据源，数据源名为 master
2020-05-17 22:28:43.140 [main] INFO  org.quartz.impl.StdSchedulerFactory:1208 - Using default implementation for ThreadExecutor
2020-05-17 22:28:43.152 [main] INFO  org.quartz.core.SchedulerSignalerImpl:61 - Initialized Scheduler Signaller of type: class org.quartz.core.SchedulerSignalerImpl
2020-05-17 22:28:43.153 [main] INFO  org.quartz.core.QuartzScheduler:229 - Quartz Scheduler v.2.3.0 created.
2020-05-17 22:28:43.157 [main] INFO  o.s.scheduling.quartz.LocalDataSourceJobStore:672 - Using db table-based data access locking (synchronization).
2020-05-17 22:28:43.159 [main] INFO  o.s.scheduling.quartz.LocalDataSourceJobStore:145 - JobStoreCMT initialized.
2020-05-17 22:28:43.160 [main] INFO  org.quartz.core.QuartzScheduler:294 - Scheduler meta-data: Quartz Scheduler (v2.3.0) 'quartzScheduler' with instanceId 'NON_CLUSTERED'
  Scheduler class: 'org.quartz.core.QuartzScheduler' - running locally.
  NOT STARTED.
  Currently in standby mode.
  Number of jobs executed: 0
  Using thread pool 'org.quartz.simpl.SimpleThreadPool' - with 10 threads.
  Using job-store 'org.springframework.scheduling.quartz.LocalDataSourceJobStore' - which supports persistence. and is not clustered.

2020-05-17 22:28:43.160 [main] INFO  org.quartz.impl.StdSchedulerFactory:1362 - Quartz scheduler 'quartzScheduler' initialized from an externally provided properties instance.
2020-05-17 22:28:43.160 [main] INFO  org.quartz.impl.StdSchedulerFactory:1366 - Quartz scheduler version: 2.3.0
2020-05-17 22:28:43.161 [main] INFO  org.quartz.core.QuartzScheduler:2287 - JobFactory set to: org.springframework.scheduling.quartz.SpringBeanJobFactory@571db8b4
2020-05-17 22:28:46.445 [main] WARN  org.jeecg.common.es.JeecgElasticsearchTemplate:61 - ElasticSearch 服务连接失败，原因：配置未通过。可能是BaseURL未配置或配置有误，也可能是Elasticsearch服务未启动。接下来将会拒绝执行任何方法！
2020-05-17 22:28:48.162 [main] INFO  o.s.b.actuate.endpoint.web.EndpointLinksResolver:59 - Exposing 2 endpoint(s) beneath base path '/actuator'
2020-05-17 22:28:48.410 [main] INFO  s.d.s.w.PropertySourcedRequestMappingHandlerMapping:69 - Mapped URL path [/v2/api-docs] onto method [public org.springframework.http.ResponseEntity<springfox.documentation.spring.web.json.Json> springfox.documentation.swagger2.web.Swagger2Controller.getDocumentation(java.lang.String,javax.servlet.http.HttpServletRequest)]
2020-05-17 22:28:48.773 [main] INFO  o.s.scheduling.concurrent.ThreadPoolTaskExecutor:171 - Initializing ExecutorService 'applicationTaskExecutor'
2020-05-17 22:28:49.939 [main] INFO  s.d.s.web.plugins.DocumentationPluginsBootstrapper:160 - Context refreshed
2020-05-17 22:28:49.962 [main] INFO  s.d.s.web.plugins.DocumentationPluginsBootstrapper:163 - Found 1 custom documentation plugin(s)
2020-05-17 22:28:50.031 [main] INFO  s.d.spring.web.scanners.ApiListingReferenceScanner:41 - Scanning for api listing references
2020-05-17 22:28:50.267 [main] INFO  s.d.s.w.r.operation.CachingOperationNameGenerator:40 - Generating unique operation named: addUsingPOST_1
2020-05-17 22:28:50.269 [main] INFO  s.d.s.w.r.operation.CachingOperationNameGenerator:40 - Generating unique operation named: deleteUsingDELETE_1
2020-05-17 22:28:50.272 [main] INFO  s.d.s.w.r.operation.CachingOperationNameGenerator:40 - Generating unique operation named: deleteBatchUsingDELETE_1
2020-05-17 22:28:50.275 [main] INFO  s.d.s.w.r.operation.CachingOperationNameGenerator:40 - Generating unique operation named: editUsingPUT_1
2020-05-17 22:28:50.277 [main] INFO  s.d.s.w.r.operation.CachingOperationNameGenerator:40 - Generating unique operation named: queryByIdUsingGET_1
2020-05-17 22:28:50.295 [main] INFO  s.d.s.w.r.operation.CachingOperationNameGenerator:40 - Generating unique operation named: addUsingPOST_2
2020-05-17 22:28:50.298 [main] INFO  s.d.s.w.r.operation.CachingOperationNameGenerator:40 - Generating unique operation named: deleteUsingDELETE_2
2020-05-17 22:28:50.300 [main] INFO  s.d.s.w.r.operation.CachingOperationNameGenerator:40 - Generating unique operation named: deleteBatchUsingDELETE_2
2020-05-17 22:28:50.302 [main] INFO  s.d.s.w.r.operation.CachingOperationNameGenerator:40 - Generating unique operation named: editUsingPUT_2
2020-05-17 22:28:50.304 [main] INFO  s.d.s.w.r.operation.CachingOperationNameGenerator:40 - Generating unique operation named: queryByIdUsingGET_2
2020-05-17 22:28:50.317 [main] INFO  s.d.s.w.r.operation.CachingOperationNameGenerator:40 - Generating unique operation named: queryPageListUsingGET_1
2020-05-17 22:28:50.331 [main] INFO  o.s.scheduling.quartz.SchedulerFactoryBean:726 - Starting Quartz Scheduler now
2020-05-17 22:28:50.956 [main] INFO  o.s.scheduling.quartz.LocalDataSourceJobStore:866 - Freed 0 triggers from 'acquired' / 'blocked' state.
2020-05-17 22:28:51.025 [main] INFO  o.s.scheduling.quartz.LocalDataSourceJobStore:876 - Recovering 0 jobs that were in-progress at the time of the last shut-down.
2020-05-17 22:28:51.026 [main] INFO  o.s.scheduling.quartz.LocalDataSourceJobStore:889 - Recovery complete.
2020-05-17 22:28:51.028 [main] INFO  o.s.scheduling.quartz.LocalDataSourceJobStore:896 - Removed 0 'complete' triggers.
2020-05-17 22:28:51.086 [main] INFO  o.s.scheduling.quartz.LocalDataSourceJobStore:901 - Removed 0 stale fired job entries.
2020-05-17 22:28:51.088 [main] INFO  org.quartz.core.QuartzScheduler:547 - Scheduler quartzScheduler_$_NON_CLUSTERED started.
2020-05-17 22:28:51.109 [main] INFO  org.apache.coyote.http11.Http11NioProtocol:173 - Starting ProtocolHandler ["http-nio-8080"]
2020-05-17 22:28:51.250 [main] INFO  o.s.boot.web.embedded.tomcat.TomcatWebServer:204 - Tomcat started on port(s): 8080 (http) with context path '/iov'
2020-05-17 22:28:51.256 [main] INFO  org.jeecg.JeecgApplication:59 - Started JeecgApplication in 25.255 seconds (JVM running for 30.146)
2020-05-17 22:28:52.130 [main] INFO  org.jeecg.JeecgApplication:35 - 
----------------------------------------------------------
	Application Jeecg-Boot is running! Access URLs:
	Local: 		http://localhost:8080/iov/
	External: 	http://192.168.1.14:8080/iov/
	swagger-ui: 		http://192.168.1.14:8080/iov/doc.html
----------------------------------------------------------
2020-05-17 22:28:52.763 [RMI TCP Connection(1)-192.168.1.14] INFO  io.lettuce.core.EpollProvider:68 - Starting without optional epoll library
2020-05-17 22:28:52.768 [RMI TCP Connection(1)-192.168.1.14] INFO  io.lettuce.core.KqueueProvider:70 - Starting without optional kqueue library
2020-05-17 22:28:55.203 [RMI TCP Connection(4)-192.168.1.14] INFO  o.a.c.c.ContainerBase.[Tomcat].[localhost].[/iov]:173 - Initializing Spring DispatcherServlet 'dispatcherServlet'
2020-05-17 22:28:55.204 [RMI TCP Connection(4)-192.168.1.14] INFO  org.springframework.web.servlet.DispatcherServlet:524 - Initializing Servlet 'dispatcherServlet'
2020-05-17 22:28:55.232 [RMI TCP Connection(4)-192.168.1.14] INFO  org.springframework.web.servlet.DispatcherServlet:546 - Completed initialization in 27 ms
2020-05-17 22:29:27.124 [http-nio-8080-exec-1] INFO  org.jeecg.modules.shiro.authc.ShiroRealm:118 - ———校验token是否有效————checkUserTokenIsEffect——————— eyJ0eXAiOiJKV1QiLCJhbGciOiJIUzI1NiJ9.eyJleHAiOjE1ODk1Mjg1NTYsInVzZXJuYW1lIjoiYWRtaW4ifQ.Vlf-zvAQYOwJnpa7nKavfcxFj5lJkrmYm1gmYV4z7fg
2020-05-17 22:29:27.488 [http-nio-8080-exec-1] ERROR o.a.c.c.C.[.[localhost].[/iov].[dispatcherServlet]:175 - Servlet.service() for servlet [dispatcherServlet] in context with path [/iov] threw exception [org.apache.shiro.authc.AuthenticationException: Token失效，请重新登录] with root cause
org.apache.shiro.authc.AuthenticationException: Token失效，请重新登录!
	at org.jeecg.modules.shiro.authc.ShiroRealm.checkUserTokenIsEffect(ShiroRealm.java:129)
	at org.jeecg.modules.shiro.authc.ShiroRealm.doGetAuthenticationInfo(ShiroRealm.java:101)
	at org.apache.shiro.realm.AuthenticatingRealm.getAuthenticationInfo(AuthenticatingRealm.java:571)
	at org.apache.shiro.authc.pam.ModularRealmAuthenticator.doSingleRealmAuthentication(ModularRealmAuthenticator.java:180)
	at org.apache.shiro.authc.pam.ModularRealmAuthenticator.doAuthenticate(ModularRealmAuthenticator.java:267)
	at org.apache.shiro.authc.AbstractAuthenticator.authenticate(AbstractAuthenticator.java:198)
	at org.apache.shiro.mgt.AuthenticatingSecurityManager.authenticate(AuthenticatingSecurityManager.java:106)
	at org.apache.shiro.mgt.DefaultSecurityManager.login(DefaultSecurityManager.java:274)
	at org.apache.shiro.subject.support.DelegatingSubject.login(DelegatingSubject.java:260)
	at org.jeecg.modules.shiro.authc.aop.JwtFilter.executeLogin(JwtFilter.java:51)
	at org.jeecg.modules.shiro.authc.aop.JwtFilter.isAccessAllowed(JwtFilter.java:34)
	at org.apache.shiro.web.filter.AccessControlFilter.onPreHandle(AccessControlFilter.java:162)
	at org.apache.shiro.web.filter.PathMatchingFilter.isFilterChainContinued(PathMatchingFilter.java:203)
	at org.apache.shiro.web.filter.PathMatchingFilter.preHandle(PathMatchingFilter.java:178)
	at org.jeecg.modules.shiro.authc.aop.JwtFilter.preHandle(JwtFilter.java:71)
	at org.apache.shiro.web.servlet.AdviceFilter.doFilterInternal(AdviceFilter.java:131)
	at org.apache.shiro.web.servlet.OncePerRequestFilter.doFilter(OncePerRequestFilter.java:125)
	at org.apache.shiro.web.servlet.ProxiedFilterChain.doFilter(ProxiedFilterChain.java:66)
	at org.apache.shiro.web.servlet.AbstractShiroFilter.executeChain(AbstractShiroFilter.java:449)
	at org.apache.shiro.web.servlet.AbstractShiroFilter$1.call(AbstractShiroFilter.java:365)
	at org.apache.shiro.subject.support.SubjectCallable.doCall(SubjectCallable.java:90)
	at org.apache.shiro.subject.support.SubjectCallable.call(SubjectCallable.java:83)
	at org.apache.shiro.subject.support.DelegatingSubject.execute(DelegatingSubject.java:387)
	at org.apache.shiro.web.servlet.AbstractShiroFilter.doFilterInternal(AbstractShiroFilter.java:362)
	at org.apache.shiro.web.servlet.OncePerRequestFilter.doFilter(OncePerRequestFilter.java:125)
	at org.apache.catalina.core.ApplicationFilterChain.internalDoFilter(ApplicationFilterChain.java:193)
	at org.apache.catalina.core.ApplicationFilterChain.doFilter(ApplicationFilterChain.java:166)
	at com.alibaba.druid.support.http.WebStatFilter.doFilter(WebStatFilter.java:124)
	at org.apache.catalina.core.ApplicationFilterChain.internalDoFilter(ApplicationFilterChain.java:193)
	at org.apache.catalina.core.ApplicationFilterChain.doFilter(ApplicationFilterChain.java:166)
	at org.springframework.boot.actuate.web.trace.servlet.HttpTraceFilter.doFilterInternal(HttpTraceFilter.java:90)
	at org.springframework.web.filter.OncePerRequestFilter.doFilter(OncePerRequestFilter.java:107)
	at org.apache.catalina.core.ApplicationFilterChain.internalDoFilter(ApplicationFilterChain.java:193)
	at org.apache.catalina.core.ApplicationFilterChain.doFilter(ApplicationFilterChain.java:166)
	at org.springframework.web.filter.RequestContextFilter.doFilterInternal(RequestContextFilter.java:99)
	at org.springframework.web.filter.OncePerRequestFilter.doFilter(OncePerRequestFilter.java:107)
	at org.apache.catalina.core.ApplicationFilterChain.internalDoFilter(ApplicationFilterChain.java:193)
	at org.apache.catalina.core.ApplicationFilterChain.doFilter(ApplicationFilterChain.java:166)
	at org.springframework.web.filter.FormContentFilter.doFilterInternal(FormContentFilter.java:92)
	at org.springframework.web.filter.OncePerRequestFilter.doFilter(OncePerRequestFilter.java:107)
	at org.apache.catalina.core.ApplicationFilterChain.internalDoFilter(ApplicationFilterChain.java:193)
	at org.apache.catalina.core.ApplicationFilterChain.doFilter(ApplicationFilterChain.java:166)
	at org.springframework.web.filter.HiddenHttpMethodFilter.doFilterInternal(HiddenHttpMethodFilter.java:93)
	at org.springframework.web.filter.OncePerRequestFilter.doFilter(OncePerRequestFilter.java:107)
	at org.apache.catalina.core.ApplicationFilterChain.internalDoFilter(ApplicationFilterChain.java:193)
	at org.apache.catalina.core.ApplicationFilterChain.doFilter(ApplicationFilterChain.java:166)
	at org.springframework.boot.actuate.metrics.web.servlet.WebMvcMetricsFilter.filterAndRecordMetrics(WebMvcMetricsFilter.java:117)
	at org.springframework.boot.actuate.metrics.web.servlet.WebMvcMetricsFilter.doFilterInternal(WebMvcMetricsFilter.java:106)
	at org.springframework.web.filter.OncePerRequestFilter.doFilter(OncePerRequestFilter.java:107)
	at org.apache.catalina.core.ApplicationFilterChain.internalDoFilter(ApplicationFilterChain.java:193)
	at org.apache.catalina.core.ApplicationFilterChain.doFilter(ApplicationFilterChain.java:166)
	at org.springframework.web.filter.CharacterEncodingFilter.doFilterInternal(CharacterEncodingFilter.java:200)
	at org.springframework.web.filter.OncePerRequestFilter.doFilter(OncePerRequestFilter.java:107)
	at org.apache.catalina.core.ApplicationFilterChain.internalDoFilter(ApplicationFilterChain.java:193)
	at org.apache.catalina.core.ApplicationFilterChain.doFilter(ApplicationFilterChain.java:166)
	at org.apache.catalina.core.StandardWrapperValve.invoke(StandardWrapperValve.java:200)
	at org.apache.catalina.core.StandardContextValve.invoke(StandardContextValve.java:96)
	at org.apache.catalina.authenticator.AuthenticatorBase.invoke(AuthenticatorBase.java:490)
	at org.apache.catalina.core.StandardHostValve.invoke(StandardHostValve.java:139)
	at org.apache.catalina.valves.ErrorReportValve.invoke(ErrorReportValve.java:92)
	at org.apache.catalina.core.StandardEngineValve.invoke(StandardEngineValve.java:74)
	at org.apache.catalina.connector.CoyoteAdapter.service(CoyoteAdapter.java:343)
	at org.apache.coyote.http11.Http11Processor.service(Http11Processor.java:408)
	at org.apache.coyote.AbstractProcessorLight.process(AbstractProcessorLight.java:66)
	at org.apache.coyote.AbstractProtocol$ConnectionHandler.process(AbstractProtocol.java:834)
	at org.apache.tomcat.util.net.NioEndpoint$SocketProcessor.doRun(NioEndpoint.java:1415)
	at org.apache.tomcat.util.net.SocketProcessorBase.run(SocketProcessorBase.java:49)
	at java.util.concurrent.ThreadPoolExecutor.runWorker(ThreadPoolExecutor.java:1149)
	at java.util.concurrent.ThreadPoolExecutor$Worker.run(ThreadPoolExecutor.java:624)
	at org.apache.tomcat.util.threads.TaskThread$WrappingRunnable.run(TaskThread.java:61)
	at java.lang.Thread.run(Thread.java:748)
2020-05-17 22:29:28.738 [http-nio-8080-exec-2] INFO  o.jeecg.modules.system.controller.LoginController:117 -  用户名:  管理员,退出成功！ 
2020-05-17 22:29:45.213 [http-nio-8080-exec-7] INFO  org.jeecg.modules.shiro.authc.ShiroRealm:118 - ———校验token是否有效————checkUserTokenIsEffect——————— eyJ0eXAiOiJKV1QiLCJhbGciOiJIUzI1NiJ9.eyJleHAiOjE1ODk3Mjc1ODQsInVzZXJuYW1lIjoiYWRtaW4ifQ.pzBgbGarRG1Z1mkvGAkP1o6E42Zlg1sTmNtrKvvfTsU
2020-05-17 22:29:45.286 [http-nio-8080-exec-7] INFO  o.j.m.system.controller.SysPermissionController:182 -  ------ 通过令牌获取用户拥有的访问菜单 ---- TOKEN ------ eyJ0eXAiOiJKV1QiLCJhbGciOiJIUzI1NiJ9.eyJleHAiOjE1ODk3Mjc1ODQsInVzZXJuYW1lIjoiYWRtaW4ifQ.pzBgbGarRG1Z1mkvGAkP1o6E42Zlg1sTmNtrKvvfTsU
2020-05-17 22:29:47.075 [http-nio-8080-exec-8] INFO  org.jeecg.modules.message.websocket.WebSocket:41 - 【websocket消息】有新的连接，总数为:1
2020-05-17 22:29:47.101 [http-nio-8080-exec-9] ERROR o.jeecg.common.system.controller.CommonController:119 - 预览图片失败D:\upFiles\user\20190119\logo-2_1547868176839.png (系统找不到指定的路径。)
2020-05-17 22:29:47.503 [http-nio-8080-exec-1] INFO  org.jeecg.modules.shiro.authc.ShiroRealm:118 - ———校验token是否有效————checkUserTokenIsEffect——————— eyJ0eXAiOiJKV1QiLCJhbGciOiJIUzI1NiJ9.eyJleHAiOjE1ODk3Mjc1ODQsInVzZXJuYW1lIjoiYWRtaW4ifQ.pzBgbGarRG1Z1mkvGAkP1o6E42Zlg1sTmNtrKvvfTsU
2020-05-17 22:29:47.509 [http-nio-8080-exec-10] INFO  org.jeecg.modules.shiro.authc.ShiroRealm:118 - ———校验token是否有效————checkUserTokenIsEffect——————— eyJ0eXAiOiJKV1QiLCJhbGciOiJIUzI1NiJ9.eyJleHAiOjE1ODk3Mjc1ODQsInVzZXJuYW1lIjoiYWRtaW4ifQ.pzBgbGarRG1Z1mkvGAkP1o6E42Zlg1sTmNtrKvvfTsU
2020-05-17 22:29:47.544 [http-nio-8080-exec-2] INFO  org.jeecg.modules.shiro.authc.ShiroRealm:118 - ———校验token是否有效————checkUserTokenIsEffect——————— eyJ0eXAiOiJKV1QiLCJhbGciOiJIUzI1NiJ9.eyJleHAiOjE1ODk3Mjc1ODQsInVzZXJuYW1lIjoiYWRtaW4ifQ.pzBgbGarRG1Z1mkvGAkP1o6E42Zlg1sTmNtrKvvfTsU
2020-05-17 22:29:51.055 [http-nio-8080-exec-3] INFO  org.jeecg.modules.shiro.authc.ShiroRealm:118 - ———校验token是否有效————checkUserTokenIsEffect——————— eyJ0eXAiOiJKV1QiLCJhbGciOiJIUzI1NiJ9.eyJleHAiOjE1ODk3Mjc1ODQsInVzZXJuYW1lIjoiYWRtaW4ifQ.pzBgbGarRG1Z1mkvGAkP1o6E42Zlg1sTmNtrKvvfTsU
2020-05-17 22:29:51.482 [http-nio-8080-exec-3] INFO  org.jeecg.common.system.query.QueryGenerator:404 - --查询规则-->create_by = admin
2020-05-17 22:29:51.886 [http-nio-8080-exec-3] INFO  o.j.modules.system.service.impl.SysDictServiceImpl:102 - 无缓存dictTable的时候调用这里！
2020-05-17 22:29:51.919 [http-nio-8080-exec-3] INFO  o.j.modules.system.service.impl.SysDictServiceImpl:102 - 无缓存dictTable的时候调用这里！
2020-05-17 22:29:51.934 [http-nio-8080-exec-3] INFO  o.j.modules.system.service.impl.SysDictServiceImpl:102 - 无缓存dictTable的时候调用这里！
2020-05-17 22:29:51.946 [http-nio-8080-exec-3] INFO  o.j.modules.system.service.impl.SysDictServiceImpl:102 - 无缓存dictTable的时候调用这里！
2020-05-17 22:30:45.731 [http-nio-8080-exec-9] INFO  org.jeecg.modules.shiro.authc.ShiroRealm:118 - ———校验token是否有效————checkUserTokenIsEffect——————— eyJ0eXAiOiJKV1QiLCJhbGciOiJIUzI1NiJ9.eyJleHAiOjE1ODk3Mjc1ODQsInVzZXJuYW1lIjoiYWRtaW4ifQ.pzBgbGarRG1Z1mkvGAkP1o6E42Zlg1sTmNtrKvvfTsU
2020-05-17 22:30:45.767 [http-nio-8080-exec-9] INFO  org.jeecg.common.system.query.QueryGenerator:404 - --查询规则-->create_by = admin
2020-05-17 22:31:18.536 [http-nio-8080-exec-4] INFO  org.jeecg.modules.shiro.authc.ShiroRealm:118 - ———校验token是否有效————checkUserTokenIsEffect——————— eyJ0eXAiOiJKV1QiLCJhbGciOiJIUzI1NiJ9.eyJleHAiOjE1ODk3Mjc1ODQsInVzZXJuYW1lIjoiYWRtaW4ifQ.pzBgbGarRG1Z1mkvGAkP1o6E42Zlg1sTmNtrKvvfTsU
2020-05-17 22:31:18.873 [http-nio-8080-exec-6] INFO  org.jeecg.modules.shiro.authc.ShiroRealm:118 - ———校验token是否有效————checkUserTokenIsEffect——————— eyJ0eXAiOiJKV1QiLCJhbGciOiJIUzI1NiJ9.eyJleHAiOjE1ODk3Mjc1ODQsInVzZXJuYW1lIjoiYWRtaW4ifQ.pzBgbGarRG1Z1mkvGAkP1o6E42Zlg1sTmNtrKvvfTsU
2020-05-17 22:31:18.903 [http-nio-8080-exec-6] INFO  org.jeecg.common.system.query.QueryGenerator:404 - --查询规则-->create_by = admin
2020-05-17 22:31:21.672 [http-nio-8080-exec-5] INFO  org.jeecg.modules.shiro.authc.ShiroRealm:118 - ———校验token是否有效————checkUserTokenIsEffect——————— eyJ0eXAiOiJKV1QiLCJhbGciOiJIUzI1NiJ9.eyJleHAiOjE1ODk3Mjc1ODQsInVzZXJuYW1lIjoiYWRtaW4ifQ.pzBgbGarRG1Z1mkvGAkP1o6E42Zlg1sTmNtrKvvfTsU
2020-05-17 22:31:21.963 [http-nio-8080-exec-8] INFO  org.jeecg.modules.shiro.authc.ShiroRealm:118 - ———校验token是否有效————checkUserTokenIsEffect——————— eyJ0eXAiOiJKV1QiLCJhbGciOiJIUzI1NiJ9.eyJleHAiOjE1ODk3Mjc1ODQsInVzZXJuYW1lIjoiYWRtaW4ifQ.pzBgbGarRG1Z1mkvGAkP1o6E42Zlg1sTmNtrKvvfTsU
2020-05-17 22:31:22.053 [http-nio-8080-exec-8] INFO  org.jeecg.common.system.query.QueryGenerator:404 - --查询规则-->create_by = admin
2020-05-17 22:31:24.798 [http-nio-8080-exec-7] INFO  org.jeecg.modules.shiro.authc.ShiroRealm:118 - ———校验token是否有效————checkUserTokenIsEffect——————— eyJ0eXAiOiJKV1QiLCJhbGciOiJIUzI1NiJ9.eyJleHAiOjE1ODk3Mjc1ODQsInVzZXJuYW1lIjoiYWRtaW4ifQ.pzBgbGarRG1Z1mkvGAkP1o6E42Zlg1sTmNtrKvvfTsU
2020-05-17 22:31:25.287 [http-nio-8080-exec-9] INFO  org.jeecg.modules.shiro.authc.ShiroRealm:118 - ———校验token是否有效————checkUserTokenIsEffect——————— eyJ0eXAiOiJKV1QiLCJhbGciOiJIUzI1NiJ9.eyJleHAiOjE1ODk3Mjc1ODQsInVzZXJuYW1lIjoiYWRtaW4ifQ.pzBgbGarRG1Z1mkvGAkP1o6E42Zlg1sTmNtrKvvfTsU
2020-05-17 22:31:25.317 [http-nio-8080-exec-9] INFO  org.jeecg.common.system.query.QueryGenerator:404 - --查询规则-->create_by = admin
2020-05-17 22:31:28.394 [http-nio-8080-exec-3] INFO  org.jeecg.modules.shiro.authc.ShiroRealm:118 - ———校验token是否有效————checkUserTokenIsEffect——————— eyJ0eXAiOiJKV1QiLCJhbGciOiJIUzI1NiJ9.eyJleHAiOjE1ODk3Mjc1ODQsInVzZXJuYW1lIjoiYWRtaW4ifQ.pzBgbGarRG1Z1mkvGAkP1o6E42Zlg1sTmNtrKvvfTsU
2020-05-17 22:31:28.687 [http-nio-8080-exec-2] INFO  org.jeecg.modules.shiro.authc.ShiroRealm:118 - ———校验token是否有效————checkUserTokenIsEffect——————— eyJ0eXAiOiJKV1QiLCJhbGciOiJIUzI1NiJ9.eyJleHAiOjE1ODk3Mjc1ODQsInVzZXJuYW1lIjoiYWRtaW4ifQ.pzBgbGarRG1Z1mkvGAkP1o6E42Zlg1sTmNtrKvvfTsU
2020-05-17 22:31:28.743 [http-nio-8080-exec-2] INFO  org.jeecg.common.system.query.QueryGenerator:404 - --查询规则-->create_by = admin
2020-05-17 22:31:31.070 [http-nio-8080-exec-4] INFO  org.jeecg.modules.shiro.authc.ShiroRealm:118 - ———校验token是否有效————checkUserTokenIsEffect——————— eyJ0eXAiOiJKV1QiLCJhbGciOiJIUzI1NiJ9.eyJleHAiOjE1ODk3Mjc1ODQsInVzZXJuYW1lIjoiYWRtaW4ifQ.pzBgbGarRG1Z1mkvGAkP1o6E42Zlg1sTmNtrKvvfTsU
2020-05-17 22:31:31.553 [http-nio-8080-exec-6] INFO  org.jeecg.modules.shiro.authc.ShiroRealm:118 - ———校验token是否有效————checkUserTokenIsEffect——————— eyJ0eXAiOiJKV1QiLCJhbGciOiJIUzI1NiJ9.eyJleHAiOjE1ODk3Mjc1ODQsInVzZXJuYW1lIjoiYWRtaW4ifQ.pzBgbGarRG1Z1mkvGAkP1o6E42Zlg1sTmNtrKvvfTsU
2020-05-17 22:31:31.581 [http-nio-8080-exec-6] INFO  org.jeecg.common.system.query.QueryGenerator:404 - --查询规则-->create_by = admin
2020-05-17 22:31:33.935 [http-nio-8080-exec-5] INFO  org.jeecg.modules.shiro.authc.ShiroRealm:118 - ———校验token是否有效————checkUserTokenIsEffect——————— eyJ0eXAiOiJKV1QiLCJhbGciOiJIUzI1NiJ9.eyJleHAiOjE1ODk3Mjc1ODQsInVzZXJuYW1lIjoiYWRtaW4ifQ.pzBgbGarRG1Z1mkvGAkP1o6E42Zlg1sTmNtrKvvfTsU
2020-05-17 22:31:34.400 [http-nio-8080-exec-8] INFO  org.jeecg.modules.shiro.authc.ShiroRealm:118 - ———校验token是否有效————checkUserTokenIsEffect——————— eyJ0eXAiOiJKV1QiLCJhbGciOiJIUzI1NiJ9.eyJleHAiOjE1ODk3Mjc1ODQsInVzZXJuYW1lIjoiYWRtaW4ifQ.pzBgbGarRG1Z1mkvGAkP1o6E42Zlg1sTmNtrKvvfTsU
2020-05-17 22:31:34.436 [http-nio-8080-exec-8] INFO  org.jeecg.common.system.query.QueryGenerator:404 - --查询规则-->create_by = admin
2020-05-17 22:31:39.445 [http-nio-8080-exec-7] INFO  org.jeecg.modules.shiro.authc.ShiroRealm:118 - ———校验token是否有效————checkUserTokenIsEffect——————— eyJ0eXAiOiJKV1QiLCJhbGciOiJIUzI1NiJ9.eyJleHAiOjE1ODk3Mjc1ODQsInVzZXJuYW1lIjoiYWRtaW4ifQ.pzBgbGarRG1Z1mkvGAkP1o6E42Zlg1sTmNtrKvvfTsU
2020-05-17 22:31:39.736 [http-nio-8080-exec-9] INFO  org.jeecg.modules.shiro.authc.ShiroRealm:118 - ———校验token是否有效————checkUserTokenIsEffect——————— eyJ0eXAiOiJKV1QiLCJhbGciOiJIUzI1NiJ9.eyJleHAiOjE1ODk3Mjc1ODQsInVzZXJuYW1lIjoiYWRtaW4ifQ.pzBgbGarRG1Z1mkvGAkP1o6E42Zlg1sTmNtrKvvfTsU
2020-05-17 22:31:39.773 [http-nio-8080-exec-9] INFO  org.jeecg.common.system.query.QueryGenerator:404 - --查询规则-->create_by = admin
2020-05-17 22:31:43.398 [http-nio-8080-exec-10] INFO  org.jeecg.modules.shiro.authc.ShiroRealm:118 - ———校验token是否有效————checkUserTokenIsEffect——————— eyJ0eXAiOiJKV1QiLCJhbGciOiJIUzI1NiJ9.eyJleHAiOjE1ODk3Mjc1ODQsInVzZXJuYW1lIjoiYWRtaW4ifQ.pzBgbGarRG1Z1mkvGAkP1o6E42Zlg1sTmNtrKvvfTsU
2020-05-17 22:31:43.802 [http-nio-8080-exec-1] INFO  org.jeecg.modules.shiro.authc.ShiroRealm:118 - ———校验token是否有效————checkUserTokenIsEffect——————— eyJ0eXAiOiJKV1QiLCJhbGciOiJIUzI1NiJ9.eyJleHAiOjE1ODk3Mjc1ODQsInVzZXJuYW1lIjoiYWRtaW4ifQ.pzBgbGarRG1Z1mkvGAkP1o6E42Zlg1sTmNtrKvvfTsU
2020-05-17 22:31:43.829 [http-nio-8080-exec-1] INFO  org.jeecg.common.system.query.QueryGenerator:404 - --查询规则-->create_by = admin
2020-05-17 22:31:47.017 [http-nio-8080-exec-3] INFO  org.jeecg.modules.shiro.authc.ShiroRealm:118 - ———校验token是否有效————checkUserTokenIsEffect——————— eyJ0eXAiOiJKV1QiLCJhbGciOiJIUzI1NiJ9.eyJleHAiOjE1ODk3Mjc1ODQsInVzZXJuYW1lIjoiYWRtaW4ifQ.pzBgbGarRG1Z1mkvGAkP1o6E42Zlg1sTmNtrKvvfTsU
2020-05-17 22:31:47.299 [http-nio-8080-exec-2] INFO  org.jeecg.modules.shiro.authc.ShiroRealm:118 - ———校验token是否有效————checkUserTokenIsEffect——————— eyJ0eXAiOiJKV1QiLCJhbGciOiJIUzI1NiJ9.eyJleHAiOjE1ODk3Mjc1ODQsInVzZXJuYW1lIjoiYWRtaW4ifQ.pzBgbGarRG1Z1mkvGAkP1o6E42Zlg1sTmNtrKvvfTsU
2020-05-17 22:31:47.353 [http-nio-8080-exec-2] INFO  org.jeecg.common.system.query.QueryGenerator:404 - --查询规则-->create_by = admin
2020-05-17 22:31:53.658 [http-nio-8080-exec-5] INFO  org.jeecg.modules.shiro.authc.ShiroRealm:118 - ———校验token是否有效————checkUserTokenIsEffect——————— eyJ0eXAiOiJKV1QiLCJhbGciOiJIUzI1NiJ9.eyJleHAiOjE1ODk3Mjc1ODQsInVzZXJuYW1lIjoiYWRtaW4ifQ.pzBgbGarRG1Z1mkvGAkP1o6E42Zlg1sTmNtrKvvfTsU
2020-05-17 22:31:53.671 [http-nio-8080-exec-5] INFO  o.j.m.system.controller.DuplicateCheckController:44 - ----duplicate check------：DuplicateCheckVo(tableName=iov_car, fieldName=car_number, fieldVal=l, dataId=1232221414793576450)
2020-05-17 22:31:54.995 [http-nio-8080-exec-8] INFO  org.jeecg.modules.shiro.authc.ShiroRealm:118 - ———校验token是否有效————checkUserTokenIsEffect——————— eyJ0eXAiOiJKV1QiLCJhbGciOiJIUzI1NiJ9.eyJleHAiOjE1ODk3Mjc1ODQsInVzZXJuYW1lIjoiYWRtaW4ifQ.pzBgbGarRG1Z1mkvGAkP1o6E42Zlg1sTmNtrKvvfTsU
2020-05-17 22:31:55.002 [http-nio-8080-exec-8] INFO  o.j.m.system.controller.DuplicateCheckController:44 - ----duplicate check------：DuplicateCheckVo(tableName=iov_car, fieldName=car_number, fieldVal=, dataId=1232221414793576450)
2020-05-17 22:32:00.643 [http-nio-8080-exec-7] INFO  org.jeecg.modules.shiro.authc.ShiroRealm:118 - ———校验token是否有效————checkUserTokenIsEffect——————— eyJ0eXAiOiJKV1QiLCJhbGciOiJIUzI1NiJ9.eyJleHAiOjE1ODk3Mjc1ODQsInVzZXJuYW1lIjoiYWRtaW4ifQ.pzBgbGarRG1Z1mkvGAkP1o6E42Zlg1sTmNtrKvvfTsU
2020-05-17 22:32:00.650 [http-nio-8080-exec-7] INFO  o.j.m.system.controller.DuplicateCheckController:44 - ----duplicate check------：DuplicateCheckVo(tableName=iov_car, fieldName=car_number, fieldVal=鲁, dataId=1232221414793576450)
2020-05-17 22:32:03.143 [http-nio-8080-exec-9] INFO  org.jeecg.modules.shiro.authc.ShiroRealm:118 - ———校验token是否有效————checkUserTokenIsEffect——————— eyJ0eXAiOiJKV1QiLCJhbGciOiJIUzI1NiJ9.eyJleHAiOjE1ODk3Mjc1ODQsInVzZXJuYW1lIjoiYWRtaW4ifQ.pzBgbGarRG1Z1mkvGAkP1o6E42Zlg1sTmNtrKvvfTsU
2020-05-17 22:32:03.149 [http-nio-8080-exec-9] INFO  o.j.m.system.controller.DuplicateCheckController:44 - ----duplicate check------：DuplicateCheckVo(tableName=iov_car, fieldName=car_number, fieldVal=鲁H77777, dataId=1232221414793576450)
2020-05-17 22:32:03.153 [http-nio-8080-exec-9] INFO  o.j.m.system.controller.DuplicateCheckController:58 - 该值不可用，系统中已存在！
2020-05-17 22:32:07.502 [http-nio-8080-exec-3] INFO  org.jeecg.modules.shiro.authc.ShiroRealm:118 - ———校验token是否有效————checkUserTokenIsEffect——————— eyJ0eXAiOiJKV1QiLCJhbGciOiJIUzI1NiJ9.eyJleHAiOjE1ODk3Mjc1ODQsInVzZXJuYW1lIjoiYWRtaW4ifQ.pzBgbGarRG1Z1mkvGAkP1o6E42Zlg1sTmNtrKvvfTsU
2020-05-17 22:32:07.509 [http-nio-8080-exec-3] INFO  o.j.m.system.controller.DuplicateCheckController:44 - ----duplicate check------：DuplicateCheckVo(tableName=iov_car, fieldName=car_number, fieldVal=鲁H777776, dataId=1232221414793576450)
2020-05-17 22:32:08.847 [http-nio-8080-exec-4] INFO  org.jeecg.modules.shiro.authc.ShiroRealm:118 - ———校验token是否有效————checkUserTokenIsEffect——————— eyJ0eXAiOiJKV1QiLCJhbGciOiJIUzI1NiJ9.eyJleHAiOjE1ODk3Mjc1ODQsInVzZXJuYW1lIjoiYWRtaW4ifQ.pzBgbGarRG1Z1mkvGAkP1o6E42Zlg1sTmNtrKvvfTsU
2020-05-17 22:32:08.854 [http-nio-8080-exec-4] INFO  o.j.m.system.controller.DuplicateCheckController:44 - ----duplicate check------：DuplicateCheckVo(tableName=iov_car, fieldName=mac, fieldVal=D8CB8A828D3D, dataId=1232221414793576450)
2020-05-17 22:32:09.198 [http-nio-8080-exec-6] INFO  org.jeecg.modules.shiro.authc.ShiroRealm:118 - ———校验token是否有效————checkUserTokenIsEffect——————— eyJ0eXAiOiJKV1QiLCJhbGciOiJIUzI1NiJ9.eyJleHAiOjE1ODk3Mjc1ODQsInVzZXJuYW1lIjoiYWRtaW4ifQ.pzBgbGarRG1Z1mkvGAkP1o6E42Zlg1sTmNtrKvvfTsU
2020-05-17 22:32:09.486 [http-nio-8080-exec-2] INFO  org.jeecg.modules.shiro.authc.ShiroRealm:118 - ———校验token是否有效————checkUserTokenIsEffect——————— eyJ0eXAiOiJKV1QiLCJhbGciOiJIUzI1NiJ9.eyJleHAiOjE1ODk3Mjc1ODQsInVzZXJuYW1lIjoiYWRtaW4ifQ.pzBgbGarRG1Z1mkvGAkP1o6E42Zlg1sTmNtrKvvfTsU
2020-05-17 22:32:09.558 [http-nio-8080-exec-2] INFO  org.jeecg.common.system.query.QueryGenerator:404 - --查询规则-->create_by = admin
2020-05-17 22:32:18.008 [http-nio-8080-exec-5] INFO  org.jeecg.modules.shiro.authc.ShiroRealm:118 - ———校验token是否有效————checkUserTokenIsEffect——————— eyJ0eXAiOiJKV1QiLCJhbGciOiJIUzI1NiJ9.eyJleHAiOjE1ODk3Mjc1ODQsInVzZXJuYW1lIjoiYWRtaW4ifQ.pzBgbGarRG1Z1mkvGAkP1o6E42Zlg1sTmNtrKvvfTsU
2020-05-17 22:32:18.287 [http-nio-8080-exec-8] INFO  org.jeecg.modules.shiro.authc.ShiroRealm:118 - ———校验token是否有效————checkUserTokenIsEffect——————— eyJ0eXAiOiJKV1QiLCJhbGciOiJIUzI1NiJ9.eyJleHAiOjE1ODk3Mjc1ODQsInVzZXJuYW1lIjoiYWRtaW4ifQ.pzBgbGarRG1Z1mkvGAkP1o6E42Zlg1sTmNtrKvvfTsU
2020-05-17 22:32:18.340 [http-nio-8080-exec-8] INFO  org.jeecg.common.system.query.QueryGenerator:404 - --查询规则-->create_by = admin
2020-05-17 22:32:21.098 [http-nio-8080-exec-7] INFO  org.jeecg.modules.shiro.authc.ShiroRealm:118 - ———校验token是否有效————checkUserTokenIsEffect——————— eyJ0eXAiOiJKV1QiLCJhbGciOiJIUzI1NiJ9.eyJleHAiOjE1ODk3Mjc1ODQsInVzZXJuYW1lIjoiYWRtaW4ifQ.pzBgbGarRG1Z1mkvGAkP1o6E42Zlg1sTmNtrKvvfTsU
2020-05-17 22:32:21.547 [http-nio-8080-exec-9] INFO  org.jeecg.modules.shiro.authc.ShiroRealm:118 - ———校验token是否有效————checkUserTokenIsEffect——————— eyJ0eXAiOiJKV1QiLCJhbGciOiJIUzI1NiJ9.eyJleHAiOjE1ODk3Mjc1ODQsInVzZXJuYW1lIjoiYWRtaW4ifQ.pzBgbGarRG1Z1mkvGAkP1o6E42Zlg1sTmNtrKvvfTsU
2020-05-17 22:32:21.568 [http-nio-8080-exec-9] INFO  org.jeecg.common.system.query.QueryGenerator:404 - --查询规则-->create_by = admin
2020-05-17 22:34:57.954 [http-nio-8080-exec-8] INFO  org.jeecg.modules.shiro.authc.ShiroRealm:118 - ———校验token是否有效————checkUserTokenIsEffect——————— eyJ0eXAiOiJKV1QiLCJhbGciOiJIUzI1NiJ9.eyJleHAiOjE1ODk3Mjc1ODQsInVzZXJuYW1lIjoiYWRtaW4ifQ.pzBgbGarRG1Z1mkvGAkP1o6E42Zlg1sTmNtrKvvfTsU
2020-05-17 22:34:57.993 [http-nio-8080-exec-8] INFO  org.jeecg.common.system.query.QueryGenerator:404 - --查询规则-->create_by = admin
2020-05-17 22:44:47.099 [http-nio-8080-exec-2] INFO  org.jeecg.modules.shiro.authc.ShiroRealm:118 - ———校验token是否有效————checkUserTokenIsEffect——————— eyJ0eXAiOiJKV1QiLCJhbGciOiJIUzI1NiJ9.eyJleHAiOjE1ODk3Mjc1ODQsInVzZXJuYW1lIjoiYWRtaW4ifQ.pzBgbGarRG1Z1mkvGAkP1o6E42Zlg1sTmNtrKvvfTsU
2020-05-17 22:44:47.505 [http-nio-8080-exec-8] INFO  org.jeecg.modules.shiro.authc.ShiroRealm:118 - ———校验token是否有效————checkUserTokenIsEffect——————— eyJ0eXAiOiJKV1QiLCJhbGciOiJIUzI1NiJ9.eyJleHAiOjE1ODk3Mjc1ODQsInVzZXJuYW1lIjoiYWRtaW4ifQ.pzBgbGarRG1Z1mkvGAkP1o6E42Zlg1sTmNtrKvvfTsU
2020-05-17 22:44:47.533 [http-nio-8080-exec-8] INFO  org.jeecg.common.system.query.QueryGenerator:404 - --查询规则-->create_by = admin
2020-05-17 22:52:53.651 [http-nio-8080-exec-9] INFO  org.jeecg.modules.shiro.authc.ShiroRealm:118 - ———校验token是否有效————checkUserTokenIsEffect——————— eyJ0eXAiOiJKV1QiLCJhbGciOiJIUzI1NiJ9.eyJleHAiOjE1ODk3Mjc1ODQsInVzZXJuYW1lIjoiYWRtaW4ifQ.pzBgbGarRG1Z1mkvGAkP1o6E42Zlg1sTmNtrKvvfTsU
2020-05-17 22:52:53.687 [http-nio-8080-exec-9] INFO  org.jeecg.common.system.query.QueryGenerator:404 - --查询规则-->org_code = A01
2020-05-17 22:52:53.894 [http-nio-8080-exec-5] INFO  org.jeecg.modules.shiro.authc.ShiroRealm:118 - ———校验token是否有效————checkUserTokenIsEffect——————— eyJ0eXAiOiJKV1QiLCJhbGciOiJIUzI1NiJ9.eyJleHAiOjE1ODk3Mjc1ODQsInVzZXJuYW1lIjoiYWRtaW4ifQ.pzBgbGarRG1Z1mkvGAkP1o6E42Zlg1sTmNtrKvvfTsU
