2020-04-17 10:53:28.800 [main] INFO  org.jeecg.JeecgApplication:50 - Starting JeecgApplication on DESKTOP-9O9R4FS with PID 76 (F:\git\bs\iov\iov-server\system\target\classes started by zhen in F:\git\bs\iov\iov-server)
2020-04-17 10:53:28.807 [main] INFO  org.jeecg.JeecgApplication:679 - The following profiles are active: dev
2020-04-17 10:53:36.838 [main] INFO  o.s.d.r.config.RepositoryConfigurationDelegate:244 - Multiple Spring Data modules found, entering strict repository configuration mode!
2020-04-17 10:53:36.843 [main] INFO  o.s.d.r.config.RepositoryConfigurationDelegate:126 - Bootstrapping Spring Data repositories in DEFAULT mode.
2020-04-17 10:53:37.005 [main] INFO  o.s.d.r.config.RepositoryConfigurationDelegate:182 - Finished Spring Data repository scanning in 132ms. Found 0 repository interfaces.
2020-04-17 10:53:37.608 [main] INFO  o.s.c.s.PostProcessorRegistrationDelegate$BeanPostProcessorChecker:330 - Bean 'shiroConfig' of type [org.jeecg.config.ShiroConfig$$EnhancerBySpringCGLIB$$db09710f] is not eligible for getting processed by all BeanPostProcessors (for example: not eligible for auto-proxying)
2020-04-17 10:53:37.771 [main] INFO  o.s.c.s.PostProcessorRegistrationDelegate$BeanPostProcessorChecker:330 - Bean 'shiroRealm' of type [org.jeecg.modules.shiro.authc.ShiroRealm] is not eligible for getting processed by all BeanPostProcessors (for example: not eligible for auto-proxying)
2020-04-17 10:53:38.775 [main] INFO  org.jeecg.config.ShiroConfig:198 - ===============(1)创建缓存管理器RedisCacheManager
2020-04-17 10:53:38.777 [main] INFO  org.jeecg.config.ShiroConfig:216 - ===============(2)创建RedisManager,连接Redis..URL= 127.0.0.1:6379
2020-04-17 10:53:38.784 [main] INFO  o.s.c.s.PostProcessorRegistrationDelegate$BeanPostProcessorChecker:330 - Bean 'redisManager' of type [org.crazycake.shiro.RedisManager] is not eligible for getting processed by all BeanPostProcessors (for example: not eligible for auto-proxying)
2020-04-17 10:53:38.792 [main] INFO  o.s.c.s.PostProcessorRegistrationDelegate$BeanPostProcessorChecker:330 - Bean 'securityManager' of type [org.apache.shiro.web.mgt.DefaultWebSecurityManager] is not eligible for getting processed by all BeanPostProcessors (for example: not eligible for auto-proxying)
2020-04-17 10:53:38.838 [main] INFO  o.s.c.s.PostProcessorRegistrationDelegate$BeanPostProcessorChecker:330 - Bean 'authorizationAttributeSourceAdvisor' of type [org.apache.shiro.spring.security.interceptor.AuthorizationAttributeSourceAdvisor] is not eligible for getting processed by all BeanPostProcessors (for example: not eligible for auto-proxying)
2020-04-17 10:53:38.979 [main] INFO  o.s.c.s.PostProcessorRegistrationDelegate$BeanPostProcessorChecker:330 - Bean 'spring.datasource.dynamic-com.baomidou.dynamic.datasource.spring.boot.autoconfigure.DynamicDataSourceProperties' of type [com.baomidou.dynamic.datasource.spring.boot.autoconfigure.DynamicDataSourceProperties] is not eligible for getting processed by all BeanPostProcessors (for example: not eligible for auto-proxying)
2020-04-17 10:53:39.218 [main] INFO  o.s.c.s.PostProcessorRegistrationDelegate$BeanPostProcessorChecker:330 - Bean 'com.baomidou.dynamic.datasource.spring.boot.autoconfigure.DynamicDataSourceAutoConfiguration' of type [com.baomidou.dynamic.datasource.spring.boot.autoconfigure.DynamicDataSourceAutoConfiguration$$EnhancerBySpringCGLIB$$2492784a] is not eligible for getting processed by all BeanPostProcessors (for example: not eligible for auto-proxying)
2020-04-17 10:53:39.239 [main] INFO  o.s.c.s.PostProcessorRegistrationDelegate$BeanPostProcessorChecker:330 - Bean 'dsProcessor' of type [com.baomidou.dynamic.datasource.processor.DsHeaderProcessor] is not eligible for getting processed by all BeanPostProcessors (for example: not eligible for auto-proxying)
2020-04-17 10:53:39.252 [main] INFO  o.s.c.s.PostProcessorRegistrationDelegate$BeanPostProcessorChecker:330 - Bean 'dynamicDatasourceAnnotationAdvisor' of type [com.baomidou.dynamic.datasource.aop.DynamicDataSourceAnnotationAdvisor] is not eligible for getting processed by all BeanPostProcessors (for example: not eligible for auto-proxying)
2020-04-17 10:53:39.275 [main] INFO  o.s.c.s.PostProcessorRegistrationDelegate$BeanPostProcessorChecker:330 - Bean 'org.springframework.transaction.annotation.ProxyTransactionManagementConfiguration' of type [org.springframework.transaction.annotation.ProxyTransactionManagementConfiguration$$EnhancerBySpringCGLIB$$bb040779] is not eligible for getting processed by all BeanPostProcessors (for example: not eligible for auto-proxying)
2020-04-17 10:53:39.350 [main] INFO  o.s.c.s.PostProcessorRegistrationDelegate$BeanPostProcessorChecker:330 - Bean 'spring.redis-org.springframework.boot.autoconfigure.data.redis.RedisProperties' of type [org.springframework.boot.autoconfigure.data.redis.RedisProperties] is not eligible for getting processed by all BeanPostProcessors (for example: not eligible for auto-proxying)
2020-04-17 10:53:39.368 [main] INFO  o.s.c.s.PostProcessorRegistrationDelegate$BeanPostProcessorChecker:330 - Bean 'org.springframework.boot.autoconfigure.data.redis.LettuceConnectionConfiguration' of type [org.springframework.boot.autoconfigure.data.redis.LettuceConnectionConfiguration$$EnhancerBySpringCGLIB$$d01dc5c3] is not eligible for getting processed by all BeanPostProcessors (for example: not eligible for auto-proxying)
2020-04-17 10:53:39.591 [main] INFO  o.s.c.s.PostProcessorRegistrationDelegate$BeanPostProcessorChecker:330 - Bean 'lettuceClientResources' of type [io.lettuce.core.resource.DefaultClientResources] is not eligible for getting processed by all BeanPostProcessors (for example: not eligible for auto-proxying)
2020-04-17 10:53:39.712 [main] INFO  o.s.c.s.PostProcessorRegistrationDelegate$BeanPostProcessorChecker:330 - Bean 'redisConnectionFactory' of type [org.springframework.data.redis.connection.lettuce.LettuceConnectionFactory] is not eligible for getting processed by all BeanPostProcessors (for example: not eligible for auto-proxying)
2020-04-17 10:53:39.733 [main] INFO  o.s.c.s.PostProcessorRegistrationDelegate$BeanPostProcessorChecker:330 - Bean 'redisConfig' of type [org.jeecg.config.RedisConfig$$EnhancerBySpringCGLIB$$25d7f859] is not eligible for getting processed by all BeanPostProcessors (for example: not eligible for auto-proxying)
2020-04-17 10:53:39.793 [main] INFO  o.s.c.s.PostProcessorRegistrationDelegate$BeanPostProcessorChecker:330 - Bean 'org.apache.shiro.spring.boot.autoconfigure.ShiroBeanAutoConfiguration' of type [org.apache.shiro.spring.boot.autoconfigure.ShiroBeanAutoConfiguration$$EnhancerBySpringCGLIB$$ce1ce529] is not eligible for getting processed by all BeanPostProcessors (for example: not eligible for auto-proxying)
2020-04-17 10:53:39.819 [main] INFO  o.s.c.s.PostProcessorRegistrationDelegate$BeanPostProcessorChecker:330 - Bean 'eventBus' of type [org.apache.shiro.event.support.DefaultEventBus] is not eligible for getting processed by all BeanPostProcessors (for example: not eligible for auto-proxying)
2020-04-17 10:53:40.752 [main] INFO  o.s.boot.web.embedded.tomcat.TomcatWebServer:90 - Tomcat initialized with port(s): 8080 (http)
2020-04-17 10:53:40.774 [main] INFO  org.apache.coyote.http11.Http11NioProtocol:173 - Initializing ProtocolHandler ["http-nio-8080"]
2020-04-17 10:53:40.793 [main] INFO  org.apache.catalina.core.StandardService:173 - Starting service [Tomcat]
2020-04-17 10:53:40.794 [main] INFO  org.apache.catalina.core.StandardEngine:173 - Starting Servlet engine: [Apache Tomcat/9.0.16]
2020-04-17 10:53:40.810 [main] INFO  org.apache.catalina.core.AprLifecycleListener:173 - The APR based Apache Tomcat Native library which allows optimal performance in production environments was not found on the java.library.path: [E:\Program Files\Java\jdk1.8.0_212\bin;C:\Windows\Sun\Java\bin;C:\Windows\system32;C:\Windows;E:\Program Files (x86)\NetSarang\Xshell 6\;C:\Program Files (x86)\Common Files\Oracle\Java\javapath;C:\Windows\system32;C:\Windows;C:\Windows\System32\Wbem;C:\Windows\System32\WindowsPowerShell\v1.0\;C:\Windows\System32\OpenSSH\;E:\Program Files\Java\jdk1.8.0_212\bin;E:\Program Files\Java\jdk1.8.0_212\jre\bin;e:\Program Files\Git\cmd;E:\Program Files\mysql-5.7.26-winx64\bin;C:\Program Files (x86)\NVIDIA Corporation\PhysX\Common;E:\nvm;e:\Program Files\nodejs;C:\Program Files\TortoiseSVN\bin;C:\Program Files\NVIDIA Corporation\NVIDIA NvDLISR;C:\Users\zhen\AppData\Local\Microsoft\WindowsApps;E:\nvm;e:\Program Files\nodejs;.]
2020-04-17 10:53:41.193 [main] INFO  o.a.c.c.ContainerBase.[Tomcat].[localhost].[/iov]:173 - Initializing Spring embedded WebApplicationContext
2020-04-17 10:53:41.194 [main] INFO  org.springframework.web.context.ContextLoader:296 - Root WebApplicationContext: initialization completed in 12168 ms
2020-04-17 10:53:41.950 [main] INFO  c.b.dynamic.datasource.DynamicDataSourceCreator:113 - 动态数据源-检测到druid存在,如配置中未指定type,druid会默认配置
2020-04-17 10:53:42.758 [main] INFO  com.alibaba.druid.pool.DruidDataSource:1003 - {dataSource-1,master} inited
2020-04-17 10:53:42.759 [main] INFO  c.b.dynamic.datasource.DynamicRoutingDataSource:203 - 初始共加载 1 个数据源
2020-04-17 10:53:42.761 [main] INFO  c.b.dynamic.datasource.DynamicRoutingDataSource:142 - 动态数据源-加载 master 成功
2020-04-17 10:53:42.762 [main] INFO  c.b.dynamic.datasource.DynamicRoutingDataSource:212 - 当前的默认数据源是单数据源，数据源名为 master
2020-04-17 10:53:49.367 [main] INFO  org.quartz.impl.StdSchedulerFactory:1208 - Using default implementation for ThreadExecutor
2020-04-17 10:53:49.384 [main] INFO  org.quartz.core.SchedulerSignalerImpl:61 - Initialized Scheduler Signaller of type: class org.quartz.core.SchedulerSignalerImpl
2020-04-17 10:53:49.384 [main] INFO  org.quartz.core.QuartzScheduler:229 - Quartz Scheduler v.2.3.0 created.
2020-04-17 10:53:49.390 [main] INFO  o.s.scheduling.quartz.LocalDataSourceJobStore:672 - Using db table-based data access locking (synchronization).
2020-04-17 10:53:49.393 [main] INFO  o.s.scheduling.quartz.LocalDataSourceJobStore:145 - JobStoreCMT initialized.
2020-04-17 10:53:49.395 [main] INFO  org.quartz.core.QuartzScheduler:294 - Scheduler meta-data: Quartz Scheduler (v2.3.0) 'quartzScheduler' with instanceId 'NON_CLUSTERED'
  Scheduler class: 'org.quartz.core.QuartzScheduler' - running locally.
  NOT STARTED.
  Currently in standby mode.
  Number of jobs executed: 0
  Using thread pool 'org.quartz.simpl.SimpleThreadPool' - with 10 threads.
  Using job-store 'org.springframework.scheduling.quartz.LocalDataSourceJobStore' - which supports persistence. and is not clustered.

2020-04-17 10:53:49.395 [main] INFO  org.quartz.impl.StdSchedulerFactory:1362 - Quartz scheduler 'quartzScheduler' initialized from an externally provided properties instance.
2020-04-17 10:53:49.396 [main] INFO  org.quartz.impl.StdSchedulerFactory:1366 - Quartz scheduler version: 2.3.0
2020-04-17 10:53:49.397 [main] INFO  org.quartz.core.QuartzScheduler:2287 - JobFactory set to: org.springframework.scheduling.quartz.SpringBeanJobFactory@1c459c28
2020-04-17 10:53:52.819 [main] WARN  org.jeecg.common.es.JeecgElasticsearchTemplate:61 - ElasticSearch 服务连接失败，原因：配置未通过。可能是BaseURL未配置或配置有误，也可能是Elasticsearch服务未启动。接下来将会拒绝执行任何方法！
2020-04-17 10:53:55.172 [main] INFO  o.s.b.actuate.endpoint.web.EndpointLinksResolver:59 - Exposing 2 endpoint(s) beneath base path '/actuator'
2020-04-17 10:53:55.521 [main] INFO  s.d.s.w.PropertySourcedRequestMappingHandlerMapping:69 - Mapped URL path [/v2/api-docs] onto method [public org.springframework.http.ResponseEntity<springfox.documentation.spring.web.json.Json> springfox.documentation.swagger2.web.Swagger2Controller.getDocumentation(java.lang.String,javax.servlet.http.HttpServletRequest)]
2020-04-17 10:53:56.182 [main] INFO  o.s.scheduling.concurrent.ThreadPoolTaskExecutor:171 - Initializing ExecutorService 'applicationTaskExecutor'
2020-04-17 10:53:57.759 [main] INFO  s.d.s.web.plugins.DocumentationPluginsBootstrapper:160 - Context refreshed
2020-04-17 10:53:57.821 [main] INFO  s.d.s.web.plugins.DocumentationPluginsBootstrapper:163 - Found 1 custom documentation plugin(s)
2020-04-17 10:53:57.899 [main] INFO  s.d.spring.web.scanners.ApiListingReferenceScanner:41 - Scanning for api listing references
2020-04-17 10:53:58.162 [main] INFO  s.d.s.w.r.operation.CachingOperationNameGenerator:40 - Generating unique operation named: addUsingPOST_1
2020-04-17 10:53:58.164 [main] INFO  s.d.s.w.r.operation.CachingOperationNameGenerator:40 - Generating unique operation named: deleteUsingDELETE_1
2020-04-17 10:53:58.166 [main] INFO  s.d.s.w.r.operation.CachingOperationNameGenerator:40 - Generating unique operation named: deleteBatchUsingDELETE_1
2020-04-17 10:53:58.168 [main] INFO  s.d.s.w.r.operation.CachingOperationNameGenerator:40 - Generating unique operation named: editUsingPUT_1
2020-04-17 10:53:58.170 [main] INFO  s.d.s.w.r.operation.CachingOperationNameGenerator:40 - Generating unique operation named: queryByIdUsingGET_1
2020-04-17 10:53:58.186 [main] INFO  s.d.s.w.r.operation.CachingOperationNameGenerator:40 - Generating unique operation named: addUsingPOST_2
2020-04-17 10:53:58.187 [main] INFO  s.d.s.w.r.operation.CachingOperationNameGenerator:40 - Generating unique operation named: deleteUsingDELETE_2
2020-04-17 10:53:58.190 [main] INFO  s.d.s.w.r.operation.CachingOperationNameGenerator:40 - Generating unique operation named: deleteBatchUsingDELETE_2
2020-04-17 10:53:58.192 [main] INFO  s.d.s.w.r.operation.CachingOperationNameGenerator:40 - Generating unique operation named: editUsingPUT_2
2020-04-17 10:53:58.195 [main] INFO  s.d.s.w.r.operation.CachingOperationNameGenerator:40 - Generating unique operation named: queryByIdUsingGET_2
2020-04-17 10:53:58.208 [main] INFO  s.d.s.w.r.operation.CachingOperationNameGenerator:40 - Generating unique operation named: queryPageListUsingGET_1
2020-04-17 10:53:58.220 [main] INFO  o.s.scheduling.quartz.SchedulerFactoryBean:726 - Starting Quartz Scheduler now
2020-04-17 10:53:58.718 [main] INFO  o.s.scheduling.quartz.LocalDataSourceJobStore:866 - Freed 0 triggers from 'acquired' / 'blocked' state.
2020-04-17 10:53:58.746 [main] INFO  o.s.scheduling.quartz.LocalDataSourceJobStore:876 - Recovering 0 jobs that were in-progress at the time of the last shut-down.
2020-04-17 10:53:58.746 [main] INFO  o.s.scheduling.quartz.LocalDataSourceJobStore:889 - Recovery complete.
2020-04-17 10:53:58.748 [main] INFO  o.s.scheduling.quartz.LocalDataSourceJobStore:896 - Removed 0 'complete' triggers.
2020-04-17 10:53:58.751 [main] INFO  o.s.scheduling.quartz.LocalDataSourceJobStore:901 - Removed 0 stale fired job entries.
2020-04-17 10:53:58.752 [main] INFO  org.quartz.core.QuartzScheduler:547 - Scheduler quartzScheduler_$_NON_CLUSTERED started.
2020-04-17 10:53:58.787 [main] INFO  org.apache.coyote.http11.Http11NioProtocol:173 - Starting ProtocolHandler ["http-nio-8080"]
2020-04-17 10:53:58.865 [main] INFO  o.s.boot.web.embedded.tomcat.TomcatWebServer:204 - Tomcat started on port(s): 8080 (http) with context path '/iov'
2020-04-17 10:53:58.868 [main] INFO  org.jeecg.JeecgApplication:59 - Started JeecgApplication in 31.804 seconds (JVM running for 39.027)
2020-04-17 10:54:00.030 [main] INFO  org.jeecg.JeecgApplication:35 - 
----------------------------------------------------------
	Application Jeecg-Boot is running! Access URLs:
	Local: 		http://localhost:8080/iov/
	External: 	http://192.168.1.2:8080/iov/
	swagger-ui: 		http://192.168.1.2:8080/iov/doc.html
----------------------------------------------------------
2020-04-17 10:54:00.534 [RMI TCP Connection(3)-192.168.1.2] INFO  io.lettuce.core.EpollProvider:68 - Starting without optional epoll library
2020-04-17 10:54:00.537 [RMI TCP Connection(3)-192.168.1.2] INFO  io.lettuce.core.KqueueProvider:70 - Starting without optional kqueue library
2020-04-17 10:54:02.998 [RMI TCP Connection(5)-192.168.1.2] INFO  o.a.c.c.ContainerBase.[Tomcat].[localhost].[/iov]:173 - Initializing Spring DispatcherServlet 'dispatcherServlet'
2020-04-17 10:54:02.999 [RMI TCP Connection(5)-192.168.1.2] INFO  org.springframework.web.servlet.DispatcherServlet:524 - Initializing Servlet 'dispatcherServlet'
2020-04-17 10:54:03.030 [RMI TCP Connection(5)-192.168.1.2] INFO  org.springframework.web.servlet.DispatcherServlet:546 - Completed initialization in 30 ms
2020-04-17 10:54:56.634 [http-nio-8080-exec-5] INFO  org.jeecg.modules.shiro.authc.ShiroRealm:118 - ———校验token是否有效————checkUserTokenIsEffect——————— eyJ0eXAiOiJKV1QiLCJhbGciOiJIUzI1NiJ9.eyJleHAiOjE1ODcwOTM4OTYsInVzZXJuYW1lIjoiYWRtaW4ifQ.zn-aHLjJZqLb5lO5CDFp31nliPT8xbHcdL4NCCCmKYA
2020-04-17 10:54:56.835 [http-nio-8080-exec-5] INFO  o.j.m.system.controller.SysPermissionController:182 -  ------ 通过令牌获取用户拥有的访问菜单 ---- TOKEN ------ eyJ0eXAiOiJKV1QiLCJhbGciOiJIUzI1NiJ9.eyJleHAiOjE1ODcwOTM4OTYsInVzZXJuYW1lIjoiYWRtaW4ifQ.zn-aHLjJZqLb5lO5CDFp31nliPT8xbHcdL4NCCCmKYA
2020-04-17 10:54:58.503 [http-nio-8080-exec-6] ERROR o.jeecg.common.system.controller.CommonController:119 - 预览图片失败D:\upFiles\user\20190119\logo-2_1547868176839.png (系统找不到指定的路径。)
2020-04-17 10:54:58.900 [http-nio-8080-exec-7] INFO  org.jeecg.modules.message.websocket.WebSocket:41 - 【websocket消息】有新的连接，总数为:1
2020-04-17 10:54:59.182 [http-nio-8080-exec-8] INFO  org.jeecg.modules.shiro.authc.ShiroRealm:118 - ———校验token是否有效————checkUserTokenIsEffect——————— eyJ0eXAiOiJKV1QiLCJhbGciOiJIUzI1NiJ9.eyJleHAiOjE1ODcwOTM4OTYsInVzZXJuYW1lIjoiYWRtaW4ifQ.zn-aHLjJZqLb5lO5CDFp31nliPT8xbHcdL4NCCCmKYA
2020-04-17 10:54:59.192 [http-nio-8080-exec-9] INFO  org.jeecg.modules.shiro.authc.ShiroRealm:118 - ———校验token是否有效————checkUserTokenIsEffect——————— eyJ0eXAiOiJKV1QiLCJhbGciOiJIUzI1NiJ9.eyJleHAiOjE1ODcwOTM4OTYsInVzZXJuYW1lIjoiYWRtaW4ifQ.zn-aHLjJZqLb5lO5CDFp31nliPT8xbHcdL4NCCCmKYA
2020-04-17 10:54:59.218 [http-nio-8080-exec-10] INFO  org.jeecg.modules.shiro.authc.ShiroRealm:118 - ———校验token是否有效————checkUserTokenIsEffect——————— eyJ0eXAiOiJKV1QiLCJhbGciOiJIUzI1NiJ9.eyJleHAiOjE1ODcwOTM4OTYsInVzZXJuYW1lIjoiYWRtaW4ifQ.zn-aHLjJZqLb5lO5CDFp31nliPT8xbHcdL4NCCCmKYA
2020-04-17 10:55:05.870 [http-nio-8080-exec-2] INFO  org.jeecg.modules.shiro.authc.ShiroRealm:118 - ———校验token是否有效————checkUserTokenIsEffect——————— eyJ0eXAiOiJKV1QiLCJhbGciOiJIUzI1NiJ9.eyJleHAiOjE1ODcwOTM4OTYsInVzZXJuYW1lIjoiYWRtaW4ifQ.zn-aHLjJZqLb5lO5CDFp31nliPT8xbHcdL4NCCCmKYA
2020-04-17 10:55:06.367 [http-nio-8080-exec-2] INFO  o.j.modules.system.service.impl.SysDictServiceImpl:65 - 无缓存dictText的时候调用这里！
2020-04-17 10:55:06.421 [http-nio-8080-exec-2] INFO  o.j.modules.system.service.impl.SysDictServiceImpl:65 - 无缓存dictText的时候调用这里！
2020-04-17 10:55:06.455 [http-nio-8080-exec-2] INFO  o.j.modules.system.service.impl.SysDictServiceImpl:65 - 无缓存dictText的时候调用这里！
2020-04-17 10:55:06.601 [http-nio-8080-exec-1] ERROR o.jeecg.common.system.controller.CommonController:119 - 预览图片失败D:\upFiles\user\20190119\logo-2_1547868176839.png (系统找不到指定的路径。)
2020-04-17 10:55:06.640 [http-nio-8080-exec-3] ERROR o.jeecg.common.system.controller.CommonController:119 - 预览图片失败D:\upFiles\user\20190401\20180607175028Fn1Lq7zw_1554118444672.png (系统找不到指定的路径。)
2020-04-17 10:55:06.681 [http-nio-8080-exec-4] ERROR o.jeecg.common.system.controller.CommonController:119 - 预览图片失败D:\upFiles\null (系统找不到指定的路径。)
2020-04-17 10:55:06.713 [http-nio-8080-exec-5] ERROR o.jeecg.common.system.controller.CommonController:119 - 预览图片失败D:\upFiles\user\20190220\e1fe9925bc315c60addea1b98eb1cb1349547719_1550656892940.jpg (系统找不到指定的路径。)
2020-04-17 10:55:06.746 [http-nio-8080-exec-6] ERROR o.jeecg.common.system.controller.CommonController:119 - 预览图片失败D:\upFiles\user\20190314\ly-plate-e_1552531617500.png (系统找不到指定的路径。)
2020-04-17 10:55:11.163 [http-nio-8080-exec-7] INFO  org.jeecg.modules.shiro.authc.ShiroRealm:118 - ———校验token是否有效————checkUserTokenIsEffect——————— eyJ0eXAiOiJKV1QiLCJhbGciOiJIUzI1NiJ9.eyJleHAiOjE1ODcwOTM4OTYsInVzZXJuYW1lIjoiYWRtaW4ifQ.zn-aHLjJZqLb5lO5CDFp31nliPT8xbHcdL4NCCCmKYA
2020-04-17 10:55:11.173 [http-nio-8080-exec-8] INFO  org.jeecg.modules.shiro.authc.ShiroRealm:118 - ———校验token是否有效————checkUserTokenIsEffect——————— eyJ0eXAiOiJKV1QiLCJhbGciOiJIUzI1NiJ9.eyJleHAiOjE1ODcwOTM4OTYsInVzZXJuYW1lIjoiYWRtaW4ifQ.zn-aHLjJZqLb5lO5CDFp31nliPT8xbHcdL4NCCCmKYA
2020-04-17 10:55:11.256 [http-nio-8080-exec-9] ERROR o.jeecg.common.system.controller.CommonController:119 - 预览图片失败D:\upFiles\user\20190119\logo-2_1547868176839.png (系统找不到指定的路径。)
2020-04-17 10:55:11.333 [http-nio-8080-exec-10] INFO  org.jeecg.modules.shiro.authc.ShiroRealm:118 - ———校验token是否有效————checkUserTokenIsEffect——————— eyJ0eXAiOiJKV1QiLCJhbGciOiJIUzI1NiJ9.eyJleHAiOjE1ODcwOTM4OTYsInVzZXJuYW1lIjoiYWRtaW4ifQ.zn-aHLjJZqLb5lO5CDFp31nliPT8xbHcdL4NCCCmKYA
2020-04-17 10:55:11.348 [http-nio-8080-exec-2] INFO  org.jeecg.modules.shiro.authc.ShiroRealm:118 - ———校验token是否有效————checkUserTokenIsEffect——————— eyJ0eXAiOiJKV1QiLCJhbGciOiJIUzI1NiJ9.eyJleHAiOjE1ODcwOTM4OTYsInVzZXJuYW1lIjoiYWRtaW4ifQ.zn-aHLjJZqLb5lO5CDFp31nliPT8xbHcdL4NCCCmKYA
2020-04-17 10:55:11.372 [http-nio-8080-exec-2] INFO  o.j.modules.system.controller.SysDictController:130 -  dictCode : activiti_sync
2020-04-17 10:55:11.381 [http-nio-8080-exec-2] INFO  o.j.modules.system.service.impl.SysDictServiceImpl:51 - 无缓存dictCache的时候调用这里！
2020-04-17 10:55:11.427 [http-nio-8080-exec-2] INFO  o.j.modules.system.controller.SysDictController:163 - Result(success=true, message=操作成功！, code=0, result=[DictModel(value=1, text=同步), DictModel(value=0, text=不同步)], timestamp=1587092111373)
2020-04-17 10:55:11.451 [http-nio-8080-exec-1] INFO  org.jeecg.modules.shiro.authc.ShiroRealm:118 - ———校验token是否有效————checkUserTokenIsEffect——————— eyJ0eXAiOiJKV1QiLCJhbGciOiJIUzI1NiJ9.eyJleHAiOjE1ODcwOTM4OTYsInVzZXJuYW1lIjoiYWRtaW4ifQ.zn-aHLjJZqLb5lO5CDFp31nliPT8xbHcdL4NCCCmKYA
2020-04-17 10:55:11.648 [http-nio-8080-exec-1] INFO  o.j.modules.system.service.impl.SysDictServiceImpl:65 - 无缓存dictText的时候调用这里！
2020-04-17 10:55:11.667 [http-nio-8080-exec-1] INFO  o.j.modules.system.service.impl.SysDictServiceImpl:65 - 无缓存dictText的时候调用这里！
2020-04-17 10:55:13.282 [http-nio-8080-exec-3] INFO  org.jeecg.modules.shiro.authc.ShiroRealm:118 - ———校验token是否有效————checkUserTokenIsEffect——————— eyJ0eXAiOiJKV1QiLCJhbGciOiJIUzI1NiJ9.eyJleHAiOjE1ODcwOTM4OTYsInVzZXJuYW1lIjoiYWRtaW4ifQ.zn-aHLjJZqLb5lO5CDFp31nliPT8xbHcdL4NCCCmKYA
2020-04-17 10:55:19.740 [http-nio-8080-exec-4] INFO  org.jeecg.modules.shiro.authc.ShiroRealm:118 - ———校验token是否有效————checkUserTokenIsEffect——————— eyJ0eXAiOiJKV1QiLCJhbGciOiJIUzI1NiJ9.eyJleHAiOjE1ODcwOTM4OTYsInVzZXJuYW1lIjoiYWRtaW4ifQ.zn-aHLjJZqLb5lO5CDFp31nliPT8xbHcdL4NCCCmKYA
2020-04-17 10:55:22.673 [http-nio-8080-exec-8] INFO  org.jeecg.modules.shiro.authc.ShiroRealm:118 - ———校验token是否有效————checkUserTokenIsEffect——————— eyJ0eXAiOiJKV1QiLCJhbGciOiJIUzI1NiJ9.eyJleHAiOjE1ODcwOTM4OTYsInVzZXJuYW1lIjoiYWRtaW4ifQ.zn-aHLjJZqLb5lO5CDFp31nliPT8xbHcdL4NCCCmKYA
2020-04-17 10:55:24.995 [http-nio-8080-exec-7] INFO  org.jeecg.modules.shiro.authc.ShiroRealm:118 - ———校验token是否有效————checkUserTokenIsEffect——————— eyJ0eXAiOiJKV1QiLCJhbGciOiJIUzI1NiJ9.eyJleHAiOjE1ODcwOTM4OTYsInVzZXJuYW1lIjoiYWRtaW4ifQ.zn-aHLjJZqLb5lO5CDFp31nliPT8xbHcdL4NCCCmKYA
2020-04-17 10:55:25.049 [http-nio-8080-exec-7] INFO  o.j.m.system.controller.SysPermissionController:82 - ======获取全部菜单数据=====耗时:48毫秒
2020-04-17 10:55:43.496 [http-nio-8080-exec-2] INFO  org.jeecg.modules.shiro.authc.ShiroRealm:118 - ———校验token是否有效————checkUserTokenIsEffect——————— eyJ0eXAiOiJKV1QiLCJhbGciOiJIUzI1NiJ9.eyJleHAiOjE1ODcwOTM4OTYsInVzZXJuYW1lIjoiYWRtaW4ifQ.zn-aHLjJZqLb5lO5CDFp31nliPT8xbHcdL4NCCCmKYA
2020-04-17 10:55:47.369 [http-nio-8080-exec-1] INFO  org.jeecg.modules.shiro.authc.ShiroRealm:118 - ———校验token是否有效————checkUserTokenIsEffect——————— eyJ0eXAiOiJKV1QiLCJhbGciOiJIUzI1NiJ9.eyJleHAiOjE1ODcwOTM4OTYsInVzZXJuYW1lIjoiYWRtaW4ifQ.zn-aHLjJZqLb5lO5CDFp31nliPT8xbHcdL4NCCCmKYA
2020-04-17 10:55:47.674 [http-nio-8080-exec-3] INFO  org.jeecg.modules.shiro.authc.ShiroRealm:118 - ———校验token是否有效————checkUserTokenIsEffect——————— eyJ0eXAiOiJKV1QiLCJhbGciOiJIUzI1NiJ9.eyJleHAiOjE1ODcwOTM4OTYsInVzZXJuYW1lIjoiYWRtaW4ifQ.zn-aHLjJZqLb5lO5CDFp31nliPT8xbHcdL4NCCCmKYA
2020-04-17 10:56:13.791 [http-nio-8080-exec-8] INFO  org.jeecg.modules.shiro.authc.ShiroRealm:118 - ———校验token是否有效————checkUserTokenIsEffect——————— eyJ0eXAiOiJKV1QiLCJhbGciOiJIUzI1NiJ9.eyJleHAiOjE1ODcwOTM4OTYsInVzZXJuYW1lIjoiYWRtaW4ifQ.zn-aHLjJZqLb5lO5CDFp31nliPT8xbHcdL4NCCCmKYA
2020-04-17 10:56:13.925 [http-nio-8080-exec-7] ERROR o.jeecg.common.system.controller.CommonController:119 - 预览图片失败D:\upFiles\user\20190119\logo-2_1547868176839.png (系统找不到指定的路径。)
2020-04-17 10:56:13.945 [http-nio-8080-exec-9] ERROR o.jeecg.common.system.controller.CommonController:119 - 预览图片失败D:\upFiles\user\20190401\20180607175028Fn1Lq7zw_1554118444672.png (系统找不到指定的路径。)
2020-04-17 10:56:13.964 [http-nio-8080-exec-10] ERROR o.jeecg.common.system.controller.CommonController:119 - 预览图片失败D:\upFiles\null (系统找不到指定的路径。)
2020-04-17 10:56:13.985 [http-nio-8080-exec-2] ERROR o.jeecg.common.system.controller.CommonController:119 - 预览图片失败D:\upFiles\user\20190220\e1fe9925bc315c60addea1b98eb1cb1349547719_1550656892940.jpg (系统找不到指定的路径。)
2020-04-17 10:56:14.008 [http-nio-8080-exec-1] ERROR o.jeecg.common.system.controller.CommonController:119 - 预览图片失败D:\upFiles\user\20190314\ly-plate-e_1552531617500.png (系统找不到指定的路径。)
2020-04-17 10:56:18.464 [http-nio-8080-exec-3] INFO  org.jeecg.modules.shiro.authc.ShiroRealm:118 - ———校验token是否有效————checkUserTokenIsEffect——————— eyJ0eXAiOiJKV1QiLCJhbGciOiJIUzI1NiJ9.eyJleHAiOjE1ODcwOTM4OTYsInVzZXJuYW1lIjoiYWRtaW4ifQ.zn-aHLjJZqLb5lO5CDFp31nliPT8xbHcdL4NCCCmKYA
2020-04-17 10:56:18.507 [http-nio-8080-exec-5] INFO  org.jeecg.modules.shiro.authc.ShiroRealm:118 - ———校验token是否有效————checkUserTokenIsEffect——————— eyJ0eXAiOiJKV1QiLCJhbGciOiJIUzI1NiJ9.eyJleHAiOjE1ODcwOTM4OTYsInVzZXJuYW1lIjoiYWRtaW4ifQ.zn-aHLjJZqLb5lO5CDFp31nliPT8xbHcdL4NCCCmKYA
2020-04-17 10:56:18.577 [http-nio-8080-exec-6] ERROR o.jeecg.common.system.controller.CommonController:119 - 预览图片失败D:\upFiles\user\20190119\logo-2_1547868176839.png (系统找不到指定的路径。)
2020-04-17 10:56:18.627 [http-nio-8080-exec-4] INFO  org.jeecg.modules.shiro.authc.ShiroRealm:118 - ———校验token是否有效————checkUserTokenIsEffect——————— eyJ0eXAiOiJKV1QiLCJhbGciOiJIUzI1NiJ9.eyJleHAiOjE1ODcwOTM4OTYsInVzZXJuYW1lIjoiYWRtaW4ifQ.zn-aHLjJZqLb5lO5CDFp31nliPT8xbHcdL4NCCCmKYA
2020-04-17 10:56:18.636 [http-nio-8080-exec-8] INFO  org.jeecg.modules.shiro.authc.ShiroRealm:118 - ———校验token是否有效————checkUserTokenIsEffect——————— eyJ0eXAiOiJKV1QiLCJhbGciOiJIUzI1NiJ9.eyJleHAiOjE1ODcwOTM4OTYsInVzZXJuYW1lIjoiYWRtaW4ifQ.zn-aHLjJZqLb5lO5CDFp31nliPT8xbHcdL4NCCCmKYA
2020-04-17 10:56:18.655 [http-nio-8080-exec-8] INFO  o.j.modules.system.controller.SysDictController:130 -  dictCode : activiti_sync
2020-04-17 10:56:18.662 [http-nio-8080-exec-8] INFO  o.j.modules.system.controller.SysDictController:163 - Result(success=true, message=操作成功！, code=0, result=[DictModel(value=1, text=同步), DictModel(value=0, text=不同步)], timestamp=1587092178656)
2020-04-17 10:56:18.710 [http-nio-8080-exec-7] INFO  org.jeecg.modules.shiro.authc.ShiroRealm:118 - ———校验token是否有效————checkUserTokenIsEffect——————— eyJ0eXAiOiJKV1QiLCJhbGciOiJIUzI1NiJ9.eyJleHAiOjE1ODcwOTM4OTYsInVzZXJuYW1lIjoiYWRtaW4ifQ.zn-aHLjJZqLb5lO5CDFp31nliPT8xbHcdL4NCCCmKYA
2020-04-17 10:56:22.064 [http-nio-8080-exec-2] INFO  org.jeecg.modules.shiro.authc.ShiroRealm:118 - ———校验token是否有效————checkUserTokenIsEffect——————— eyJ0eXAiOiJKV1QiLCJhbGciOiJIUzI1NiJ9.eyJleHAiOjE1ODcwOTM4OTYsInVzZXJuYW1lIjoiYWRtaW4ifQ.zn-aHLjJZqLb5lO5CDFp31nliPT8xbHcdL4NCCCmKYA
2020-04-17 10:56:30.572 [http-nio-8080-exec-1] INFO  org.jeecg.modules.message.websocket.WebSocket:50 - 【websocket消息】连接断开，总数为:0
